-------------------------------------------------------------------------------
Test set: com.ssafy.api.PostRestControllerTests
-------------------------------------------------------------------------------
Tests run: 1, Failures: 0, Errors: 1, Skipped: 0, Time elapsed: 0 s <<< FAILURE! - in com.ssafy.api.PostRestControllerTests
initializationError(com.ssafy.api.PostRestControllerTests)  Time elapsed: 0 s  <<< ERROR!
java.lang.Exception: No runnable methods

