-------------------------------------------------------------------------------
Test set: com.ssafy.api.PortfolioCommentRestControllerTests
-------------------------------------------------------------------------------
Tests run: 3, Failures: 1, Errors: 2, Skipped: 0, Time elapsed: 5.777 s <<< FAILURE! - in com.ssafy.api.PortfolioCommentRestControllerTests
deletePortfolioComment(com.ssafy.api.PortfolioCommentRestControllerTests)  Time elapsed: 0.191 s  <<< FAILURE!
java.lang.AssertionError: Status expected:<204> but was:<400>
	at com.ssafy.api.PortfolioCommentRestControllerTests.deletePortfolioComment(PortfolioCommentRestControllerTests.java:137)

updatePortfolioComment(com.ssafy.api.PortfolioCommentRestControllerTests)  Time elapsed: 0.217 s  <<< ERROR!
org.springframework.restdocs.snippet.SnippetException: Fields with the following paths were not found in the payload: [portfolioId]
	at com.ssafy.api.PortfolioCommentRestControllerTests.updatePortfolioComment(PortfolioCommentRestControllerTests.java:94)

createPortfolioComment(com.ssafy.api.PortfolioCommentRestControllerTests)  Time elapsed: 0.028 s  <<< ERROR!
org.springframework.restdocs.snippet.SnippetException: Fields with the following paths were not found in the payload: [portfolioId]
	at com.ssafy.api.PortfolioCommentRestControllerTests.createPortfolioComment(PortfolioCommentRestControllerTests.java:48)

