<?xml version="1.0" encoding="UTF-8"?>
<testsuite xmlns:xsi="http://www.w3.org/2001/XMLSchema-instance" xsi:noNamespaceSchemaLocation="https://maven.apache.org/surefire/maven-surefire-plugin/xsd/surefire-test-report.xsd" name="com.ssafy.api.PortfolioRestControllerTests" time="0.407" tests="6" errors="4" skipped="0" failures="0">
  <properties>
[...]
</properties>
  <testcase name="updatePortfolio" classname="com.ssafy.api.PortfolioRestControllerTests" time="0.114">
    <error message="The following parts of the payload were not documented:&#10;{&#10;  &quot;portfolioComments&quot; : [ ]&#10;}" type="org.springframework.restdocs.snippet.SnippetException">org.springframework.restdocs.snippet.SnippetException: 
The following parts of the payload were not documented:
{
  "portfolioComments" : [ ]
}
	at com.ssafy.api.PortfolioRestControllerTests.updatePortfolio(PortfolioRestControllerTests.java:88)
</error>
    <system-out><![CDATA[2019-08-08 09:25:14 INFO Neither @ContextConfiguration nor @ContextHierarchy found for test class [com.ssafy.api.PortfolioRestControllerTests], using SpringBootContextLoader
2019-08-08 09:25:14 INFO Could not detect default resource locations for test class [com.ssafy.api.PortfolioRestControllerTests]: no resource found for suffixes {-context.xml, Context.groovy}.
2019-08-08 09:25:14 INFO Could not detect default configuration classes for test class [com.ssafy.api.PortfolioRestControllerTests]: PortfolioRestControllerTests does not declare any static, non-private, non-final, nested classes annotated with @Configuration.
2019-08-08 09:25:14 INFO Found @SpringBootConfiguration com.ssafy.WebmobileSub2Application for test class com.ssafy.api.PortfolioRestControllerTests
2019-08-08 09:25:14 INFO Loaded default TestExecutionListener class names from location [META-INF/spring.factories]: [org.springframework.boot.test.mock.mockito.MockitoTestExecutionListener, org.springframework.boot.test.mock.mockito.ResetMocksTestExecutionListener, org.springframework.boot.test.autoconfigure.restdocs.RestDocsTestExecutionListener, org.springframework.boot.test.autoconfigure.web.client.MockRestServiceServerResetTestExecutionListener, org.springframework.boot.test.autoconfigure.web.servlet.MockMvcPrintOnlyOnFailureTestExecutionListener, org.springframework.boot.test.autoconfigure.web.servlet.WebDriverTestExecutionListener, org.springframework.test.context.web.ServletTestExecutionListener, org.springframework.test.context.support.DirtiesContextBeforeModesTestExecutionListener, org.springframework.test.context.support.DependencyInjectionTestExecutionListener, org.springframework.test.context.support.DirtiesContextTestExecutionListener, org.springframework.test.context.transaction.TransactionalTestExecutionListener, org.springframework.test.context.jdbc.SqlScriptsTestExecutionListener]
2019-08-08 09:25:14 INFO Using TestExecutionListeners: [org.springframework.test.context.web.ServletTestExecutionListener@522f0bb8, org.springframework.test.context.support.DirtiesContextBeforeModesTestExecutionListener@468f2a6f, org.springframework.boot.test.mock.mockito.MockitoTestExecutionListener@6a3a56de, org.springframework.boot.test.autoconfigure.SpringBootDependencyInjectionTestExecutionListener@2ed84be9, org.springframework.test.context.support.DirtiesContextTestExecutionListener@400e741, org.springframework.test.context.transaction.TransactionalTestExecutionListener@3be369fc, org.springframework.test.context.jdbc.SqlScriptsTestExecutionListener@35744f8, org.springframework.boot.test.mock.mockito.ResetMocksTestExecutionListener@6fbcc078, org.springframework.boot.test.autoconfigure.restdocs.RestDocsTestExecutionListener@6c851821, org.springframework.boot.test.autoconfigure.web.client.MockRestServiceServerResetTestExecutionListener@4c0930c4, org.springframework.boot.test.autoconfigure.web.servlet.MockMvcPrintOnlyOnFailureTestExecutionListener@75c0cd39, org.springframework.boot.test.autoconfigure.web.servlet.WebDriverTestExecutionListener@7cf66cf9]
2019-08-08 09:25:14 INFO [#] [START] - [ACCOUNT : test@email.com | AUTH : 2] / [LOCATION : com.ssafy.api.PortfolioRestController | [METHOD (PUT) : updatePortfolio()]
2019-08-08 09:25:14 INFO [#] [ END ] - [ACCOUNT : test@email.com | AUTH : 2] / [LOCATION : com.ssafy.api.PortfolioRestController | [METHOD (PUT) : updatePortfolio()]

MockHttpServletRequest:
      HTTP Method = PUT
      Request URI = /portfolios/4
       Parameters = {}
          Headers = [Content-Type:"application/json;charset=UTF-8", accountEmail:"test@email.com", accountAuth:"2"]
             Body = {"portfolioId":4,"accountEmail":"test@email.com","accountName":"test name","portfolioTitle":"update title","portfolioContent":"update content","portfolioCreatedAt":"2019-08-08T09:25:14.383","portfolioGiturl":"www.github.com/repository","portfolioViews":0,"portfolioThumbnailUrl":"/image.png"}
    Session Attrs = {}

Handler:
             Type = com.ssafy.api.PortfolioRestController
           Method = public org.springframework.http.ResponseEntity<com.ssafy.vo.resource.PortfolioResource> com.ssafy.api.PortfolioRestController.updatePortfolio(java.lang.String,int,long,com.ssafy.vo.Portfolio) throws java.lang.Exception

Async:
    Async started = false
     Async result = null

Resolved Exception:
             Type = null

ModelAndView:
        View name = null
             View = null
            Model = null

FlashMap:
       Attributes = null

MockHttpServletResponse:
           Status = 200
    Error message = null
          Headers = [Content-Type:"application/hal+json;charset=UTF-8"]
     Content type = application/hal+json;charset=UTF-8
             Body = {"portfolioId":4,"accountEmail":"test@email.com","accountName":"test name","portfolioTitle":"update title","portfolioContent":"update content","portfolioCreatedAt":"2019-08-08T09:25:14.47","portfolioGiturl":"www.github.com/repository","portfolioViews":0,"portfolioThumbnailUrl":"/image.png","portfolioComments":[],"links":[{"rel":"self","href":"http://localhost:8080/portfolios/4"},{"rel":"delete","href":"http://localhost:8080/portfolios/4"}]}
    Forwarded URL = null
   Redirected URL = null
          Cookies = []

MockHttpServletRequest:
      HTTP Method = DELETE
      Request URI = /portfolios/1/comments/1
       Parameters = {}
          Headers = [accountEmail:"test@email.com", accountAuth:"2"]
             Body = null
    Session Attrs = {}

Handler:
             Type = com.ssafy.api.PortfolioCommentRestController
           Method = public org.springframework.http.ResponseEntity<?> com.ssafy.api.PortfolioCommentRestController.deletePortfolioCommentByPortfolioCommentId(java.lang.String,int,long) throws java.lang.Exception

Async:
    Async started = false
     Async result = null

Resolved Exception:
             Type = java.lang.NullPointerException

ModelAndView:
        View name = null
             View = null
            Model = null

FlashMap:
       Attributes = null

MockHttpServletResponse:
           Status = 400
    Error message = null
          Headers = []
     Content type = null
             Body = 
    Forwarded URL = null
   Redirected URL = null
          Cookies = []

MockHttpServletRequest:
      HTTP Method = PUT
      Request URI = /portfolios/2/comments/2
       Parameters = {}
          Headers = [Content-Type:"application/json;charset=UTF-8", accountEmail:"test@email.com", accountAuth:"2"]
             Body = {"portfolioCommentId":2,"accountEmail":"test@email.com","accountName":"test name","portfolioCommentContent":"내용 수정","portfolioCommentCreatedAt":"2019-08-08T09:25:14.13"}
    Session Attrs = {}

Handler:
             Type = com.ssafy.api.PortfolioCommentRestController
           Method = public org.springframework.http.ResponseEntity<com.ssafy.vo.resource.PortfolioCommentResource> com.ssafy.api.PortfolioCommentRestController.updatePortfolioComment(java.lang.String,int,long,com.ssafy.vo.PortfolioComment) throws java.lang.Exception

Async:
    Async started = false
     Async result = null

Resolved Exception:
             Type = null

ModelAndView:
        View name = null
             View = null
            Model = null

FlashMap:
       Attributes = null

MockHttpServletResponse:
           Status = 200
    Error message = null
          Headers = [Content-Type:"application/hal+json;charset=UTF-8"]
     Content type = application/hal+json;charset=UTF-8
             Body = {"portfolioCommentId":2,"accountEmail":"test@email.com","accountName":"test name","portfolioCommentContent":"내용 수정","portfolioCommentCreatedAt":"2019-08-08T09:25:14.13","links":[{"rel":"self","href":"http://localhost:8080/portfolios/2"},{"rel":"delete","href":"http://localhost:8080/portfolios/2"}]}
    Forwarded URL = null
   Redirected URL = null
          Cookies = []

MockHttpServletRequest:
      HTTP Method = POST
      Request URI = /portfolios/3/comments
       Parameters = {}
          Headers = [Content-Type:"application/json;charset=UTF-8", accountEmail:"test@email.com", accountAuth:"2"]
             Body = {"portfolioCommentId":0,"accountEmail":"test@email.com","accountName":"test name","portfolioCommentContent":"댓글 내용"}
    Session Attrs = {}

Handler:
             Type = com.ssafy.api.PortfolioCommentRestController
           Method = public org.springframework.http.ResponseEntity<com.ssafy.vo.resource.PortfolioCommentResource> com.ssafy.api.PortfolioCommentRestController.createPortfolioComment(java.lang.String,int,long,com.ssafy.vo.PortfolioComment) throws java.lang.Exception

Async:
    Async started = false
     Async result = null

Resolved Exception:
             Type = null

ModelAndView:
        View name = null
             View = null
            Model = null

FlashMap:
       Attributes = null

MockHttpServletResponse:
           Status = 201
    Error message = null
          Headers = [Location:"http://localhost:8080/portfolios/3", Content-Type:"application/hal+json;charset=UTF-8"]
     Content type = application/hal+json;charset=UTF-8
             Body = {"portfolioCommentId":3,"accountEmail":"test@email.com","accountName":"test name","portfolioCommentContent":"댓글 내용","portfolioCommentCreatedAt":"2019-08-08T09:25:14.346","links":[{"rel":"self","href":"http://localhost:8080/portfolios/3"},{"rel":"update","href":"http://localhost:8080/portfolios/3"},{"rel":"delete","href":"http://localhost:8080/portfolios/3"}]}
    Forwarded URL = null
   Redirected URL = http://localhost:8080/portfolios/3
          Cookies = []

MockHttpServletRequest:
      HTTP Method = PUT
      Request URI = /portfolios/4
       Parameters = {}
          Headers = [Content-Type:"application/json;charset=UTF-8", accountEmail:"test@email.com", accountAuth:"2"]
             Body = {"portfolioId":4,"accountEmail":"test@email.com","accountName":"test name","portfolioTitle":"update title","portfolioContent":"update content","portfolioCreatedAt":"2019-08-08T09:25:14.383","portfolioGiturl":"www.github.com/repository","portfolioViews":0,"portfolioThumbnailUrl":"/image.png"}
    Session Attrs = {}

Handler:
             Type = com.ssafy.api.PortfolioRestController
           Method = public org.springframework.http.ResponseEntity<com.ssafy.vo.resource.PortfolioResource> com.ssafy.api.PortfolioRestController.updatePortfolio(java.lang.String,int,long,com.ssafy.vo.Portfolio) throws java.lang.Exception

Async:
    Async started = false
     Async result = null

Resolved Exception:
             Type = null

ModelAndView:
        View name = null
             View = null
            Model = null

FlashMap:
       Attributes = null

MockHttpServletResponse:
           Status = 200
    Error message = null
          Headers = [Content-Type:"application/hal+json;charset=UTF-8"]
     Content type = application/hal+json;charset=UTF-8
             Body = {"portfolioId":4,"accountEmail":"test@email.com","accountName":"test name","portfolioTitle":"update title","portfolioContent":"update content","portfolioCreatedAt":"2019-08-08T09:25:14.47","portfolioGiturl":"www.github.com/repository","portfolioViews":0,"portfolioThumbnailUrl":"/image.png","portfolioComments":[],"links":[{"rel":"self","href":"http://localhost:8080/portfolios/4"},{"rel":"delete","href":"http://localhost:8080/portfolios/4"}]}
    Forwarded URL = null
   Redirected URL = null
          Cookies = []
]]></system-out>
  </testcase>
  <testcase name="findAllPortfolios" classname="com.ssafy.api.PortfolioRestControllerTests" time="0.174">
    <error message="The following parts of the payload were not documented:&#10;{&#10;  &quot;content&quot; : [ {&#10;    &quot;portfolioComments&quot; : [ {&#10;      &quot;portfolioCommentId&quot; : 3,&#10;      &quot;accountEmail&quot; : &quot;test@email.com&quot;,&#10;      &quot;accountName&quot; : &quot;test name&quot;,&#10;      &quot;portfolioCommentContent&quot; : &quot;댓글 내용&quot;,&#10;      &quot;portfolioCommentCreatedAt&quot; : &quot;2019-08-08T09:25:14.346&quot;&#10;    } ]&#10;  }, {&#10;    &quot;portfolioComments&quot; : [ {&#10;      &quot;portfolioCommentId&quot; : 2,&#10;      &quot;accountEmail&quot; : &quot;test@email.com&quot;,&#10;      &quot;accountName&quot; : &quot;test name&quot;,&#10;      &quot;portfolioCommentContent&quot; : &quot;내용 수정&quot;,&#10;      &quot;portfolioCommentCreatedAt&quot; : &quot;2019-08-08T09:25:14.13&quot;&#10;    } ]&#10;  } ]&#10;}&#10;Fields with the following paths were not found in the payload: [content[0].portfolioImages]" type="org.springframework.restdocs.snippet.SnippetException">org.springframework.restdocs.snippet.SnippetException: 
The following parts of the payload were not documented:
{
  "content" : [ {
    "portfolioComments" : [ {
      "portfolioCommentId" : 3,
      "accountEmail" : "test@email.com",
      "accountName" : "test name",
      "portfolioCommentContent" : "댓글 내용",
      "portfolioCommentCreatedAt" : "2019-08-08T09:25:14.346"
    } ]
  }, {
    "portfolioComments" : [ {
      "portfolioCommentId" : 2,
      "accountEmail" : "test@email.com",
      "accountName" : "test name",
      "portfolioCommentContent" : "내용 수정",
      "portfolioCommentCreatedAt" : "2019-08-08T09:25:14.13"
    } ]
  } ]
}
Fields with the following paths were not found in the payload: [content[0].portfolioImages]
	at com.ssafy.api.PortfolioRestControllerTests.findAllPortfolios(PortfolioRestControllerTests.java:131)
</error>
    <system-out><![CDATA[2019-08-08 09:25:14 INFO [#] [START] - [ACCOUNT : ********* ANONYMOUS ********] / [LOCATION : com.ssafy.api.PortfolioRestController | [METHOD (GET) : findAllPortfolios()]
2019-08-08 09:25:14 INFO HHH000397: Using ASTQueryTranslatorFactory
2019-08-08 09:25:14 INFO [#] [ END ] - [ACCOUNT : ********* ANONYMOUS ********] / [LOCATION : com.ssafy.api.PortfolioRestController | [METHOD (GET) : findAllPortfolios()]

MockHttpServletRequest:
      HTTP Method = GET
      Request URI = /portfolios/pages/1
       Parameters = {}
          Headers = []
             Body = null
    Session Attrs = {}

Handler:
             Type = com.ssafy.api.PortfolioRestController
           Method = public org.springframework.http.ResponseEntity<org.springframework.hateoas.PagedResources<com.ssafy.vo.resource.PortfolioResource>> com.ssafy.api.PortfolioRestController.findAllPortfolios(int,org.springframework.data.web.PagedResourcesAssembler<com.ssafy.vo.Portfolio>)

Async:
    Async started = false
     Async result = null

Resolved Exception:
             Type = null

ModelAndView:
        View name = null
             View = null
            Model = null

FlashMap:
       Attributes = null

MockHttpServletResponse:
           Status = 200
    Error message = null
          Headers = [Content-Type:"application/hal+json;charset=UTF-8"]
     Content type = application/hal+json;charset=UTF-8
             Body = {"links":[{"rel":"self","href":"http://localhost:8080/portfolios/pages/1?page=0&size=6&sort=portfolioCreatedAt,desc"}],"content":[{"portfolioId":5,"accountEmail":"test@email.com","accountName":"test name","portfolioTitle":"포트폴리오 제목","portfolioContent":"포트폴리오 내용","portfolioCreatedAt":"2019-08-08T09:25:14.513","portfolioGiturl":"www.github.com/repository","portfolioViews":0,"portfolioThumbnailUrl":"/image.png","portfolioComments":[],"links":[{"rel":"self","href":"http://localhost:8080/portfolios/5"}]},{"portfolioId":4,"accountEmail":"test@email.com","accountName":"test name","portfolioTitle":"update title","portfolioContent":"update content","portfolioCreatedAt":"2019-08-08T09:25:14.47","portfolioGiturl":"www.github.com/repository","portfolioViews":0,"portfolioThumbnailUrl":"/image.png","portfolioComments":[],"links":[{"rel":"self","href":"http://localhost:8080/portfolios/4"}]},{"portfolioId":3,"accountEmail":"test@email.com","accountName":"test name","portfolioTitle":"포트폴리오 제목","portfolioContent":"포트폴리오 내용","portfolioCreatedAt":"2019-08-08T09:25:14.342","portfolioGiturl":"www.github.com/repository","portfolioViews":0,"portfolioThumbnailUrl":"/image.png","portfolioComments":[{"portfolioCommentId":3,"accountEmail":"test@email.com","accountName":"test name","portfolioCommentContent":"댓글 내용","portfolioCommentCreatedAt":"2019-08-08T09:25:14.346"}],"links":[{"rel":"self","href":"http://localhost:8080/portfolios/3"}]},{"portfolioId":2,"accountEmail":"test@email.com","accountName":"test name","portfolioTitle":"포트폴리오 제목","portfolioContent":"포트폴리오 내용","portfolioCreatedAt":"2019-08-08T09:25:14.128","portfolioGiturl":"www.github.com/repository","portfolioViews":0,"portfolioThumbnailUrl":"/image.png","portfolioComments":[{"portfolioCommentId":2,"accountEmail":"test@email.com","accountName":"test name","portfolioCommentContent":"내용 수정","portfolioCommentCreatedAt":"2019-08-08T09:25:14.13"}],"links":[{"rel":"self","href":"http://localhost:8080/portfolios/2"}]},{"portfolioId":1,"accountEmail":"test@email.com","accountName":"test name","portfolioTitle":"포트폴리오 제목","portfolioContent":"포트폴리오 내용","portfolioCreatedAt":"2019-08-08T09:25:14.011","portfolioGiturl":"www.github.com/repository","portfolioViews":0,"portfolioThumbnailUrl":"/image.png","portfolioComments":[],"links":[{"rel":"self","href":"http://localhost:8080/portfolios/1"}]}],"page":{"size":6,"totalElements":5,"totalPages":1,"number":0}}
    Forwarded URL = null
   Redirected URL = null
          Cookies = []

MockHttpServletRequest:
      HTTP Method = DELETE
      Request URI = /portfolios/1/comments/1
       Parameters = {}
          Headers = [accountEmail:"test@email.com", accountAuth:"2"]
             Body = null
    Session Attrs = {}

Handler:
             Type = com.ssafy.api.PortfolioCommentRestController
           Method = public org.springframework.http.ResponseEntity<?> com.ssafy.api.PortfolioCommentRestController.deletePortfolioCommentByPortfolioCommentId(java.lang.String,int,long) throws java.lang.Exception

Async:
    Async started = false
     Async result = null

Resolved Exception:
             Type = java.lang.NullPointerException

ModelAndView:
        View name = null
             View = null
            Model = null

FlashMap:
       Attributes = null

MockHttpServletResponse:
           Status = 400
    Error message = null
          Headers = []
     Content type = null
             Body = 
    Forwarded URL = null
   Redirected URL = null
          Cookies = []

MockHttpServletRequest:
      HTTP Method = PUT
      Request URI = /portfolios/2/comments/2
       Parameters = {}
          Headers = [Content-Type:"application/json;charset=UTF-8", accountEmail:"test@email.com", accountAuth:"2"]
             Body = {"portfolioCommentId":2,"accountEmail":"test@email.com","accountName":"test name","portfolioCommentContent":"내용 수정","portfolioCommentCreatedAt":"2019-08-08T09:25:14.13"}
    Session Attrs = {}

Handler:
             Type = com.ssafy.api.PortfolioCommentRestController
           Method = public org.springframework.http.ResponseEntity<com.ssafy.vo.resource.PortfolioCommentResource> com.ssafy.api.PortfolioCommentRestController.updatePortfolioComment(java.lang.String,int,long,com.ssafy.vo.PortfolioComment) throws java.lang.Exception

Async:
    Async started = false
     Async result = null

Resolved Exception:
             Type = null

ModelAndView:
        View name = null
             View = null
            Model = null

FlashMap:
       Attributes = null

MockHttpServletResponse:
           Status = 200
    Error message = null
          Headers = [Content-Type:"application/hal+json;charset=UTF-8"]
     Content type = application/hal+json;charset=UTF-8
             Body = {"portfolioCommentId":2,"accountEmail":"test@email.com","accountName":"test name","portfolioCommentContent":"내용 수정","portfolioCommentCreatedAt":"2019-08-08T09:25:14.13","links":[{"rel":"self","href":"http://localhost:8080/portfolios/2"},{"rel":"delete","href":"http://localhost:8080/portfolios/2"}]}
    Forwarded URL = null
   Redirected URL = null
          Cookies = []

MockHttpServletRequest:
      HTTP Method = POST
      Request URI = /portfolios/3/comments
       Parameters = {}
          Headers = [Content-Type:"application/json;charset=UTF-8", accountEmail:"test@email.com", accountAuth:"2"]
             Body = {"portfolioCommentId":0,"accountEmail":"test@email.com","accountName":"test name","portfolioCommentContent":"댓글 내용"}
    Session Attrs = {}

Handler:
             Type = com.ssafy.api.PortfolioCommentRestController
           Method = public org.springframework.http.ResponseEntity<com.ssafy.vo.resource.PortfolioCommentResource> com.ssafy.api.PortfolioCommentRestController.createPortfolioComment(java.lang.String,int,long,com.ssafy.vo.PortfolioComment) throws java.lang.Exception

Async:
    Async started = false
     Async result = null

Resolved Exception:
             Type = null

ModelAndView:
        View name = null
             View = null
            Model = null

FlashMap:
       Attributes = null

MockHttpServletResponse:
           Status = 201
    Error message = null
          Headers = [Location:"http://localhost:8080/portfolios/3", Content-Type:"application/hal+json;charset=UTF-8"]
     Content type = application/hal+json;charset=UTF-8
             Body = {"portfolioCommentId":3,"accountEmail":"test@email.com","accountName":"test name","portfolioCommentContent":"댓글 내용","portfolioCommentCreatedAt":"2019-08-08T09:25:14.346","links":[{"rel":"self","href":"http://localhost:8080/portfolios/3"},{"rel":"update","href":"http://localhost:8080/portfolios/3"},{"rel":"delete","href":"http://localhost:8080/portfolios/3"}]}
    Forwarded URL = null
   Redirected URL = http://localhost:8080/portfolios/3
          Cookies = []

MockHttpServletRequest:
      HTTP Method = PUT
      Request URI = /portfolios/4
       Parameters = {}
          Headers = [Content-Type:"application/json;charset=UTF-8", accountEmail:"test@email.com", accountAuth:"2"]
             Body = {"portfolioId":4,"accountEmail":"test@email.com","accountName":"test name","portfolioTitle":"update title","portfolioContent":"update content","portfolioCreatedAt":"2019-08-08T09:25:14.383","portfolioGiturl":"www.github.com/repository","portfolioViews":0,"portfolioThumbnailUrl":"/image.png"}
    Session Attrs = {}

Handler:
             Type = com.ssafy.api.PortfolioRestController
           Method = public org.springframework.http.ResponseEntity<com.ssafy.vo.resource.PortfolioResource> com.ssafy.api.PortfolioRestController.updatePortfolio(java.lang.String,int,long,com.ssafy.vo.Portfolio) throws java.lang.Exception

Async:
    Async started = false
     Async result = null

Resolved Exception:
             Type = null

ModelAndView:
        View name = null
             View = null
            Model = null

FlashMap:
       Attributes = null

MockHttpServletResponse:
           Status = 200
    Error message = null
          Headers = [Content-Type:"application/hal+json;charset=UTF-8"]
     Content type = application/hal+json;charset=UTF-8
             Body = {"portfolioId":4,"accountEmail":"test@email.com","accountName":"test name","portfolioTitle":"update title","portfolioContent":"update content","portfolioCreatedAt":"2019-08-08T09:25:14.47","portfolioGiturl":"www.github.com/repository","portfolioViews":0,"portfolioThumbnailUrl":"/image.png","portfolioComments":[],"links":[{"rel":"self","href":"http://localhost:8080/portfolios/4"},{"rel":"delete","href":"http://localhost:8080/portfolios/4"}]}
    Forwarded URL = null
   Redirected URL = null
          Cookies = []

MockHttpServletRequest:
      HTTP Method = GET
      Request URI = /portfolios/pages/1
       Parameters = {}
          Headers = []
             Body = null
    Session Attrs = {}

Handler:
             Type = com.ssafy.api.PortfolioRestController
           Method = public org.springframework.http.ResponseEntity<org.springframework.hateoas.PagedResources<com.ssafy.vo.resource.PortfolioResource>> com.ssafy.api.PortfolioRestController.findAllPortfolios(int,org.springframework.data.web.PagedResourcesAssembler<com.ssafy.vo.Portfolio>)

Async:
    Async started = false
     Async result = null

Resolved Exception:
             Type = null

ModelAndView:
        View name = null
             View = null
            Model = null

FlashMap:
       Attributes = null

MockHttpServletResponse:
           Status = 200
    Error message = null
          Headers = [Content-Type:"application/hal+json;charset=UTF-8"]
     Content type = application/hal+json;charset=UTF-8
             Body = {"links":[{"rel":"self","href":"http://localhost:8080/portfolios/pages/1?page=0&size=6&sort=portfolioCreatedAt,desc"}],"content":[{"portfolioId":5,"accountEmail":"test@email.com","accountName":"test name","portfolioTitle":"포트폴리오 제목","portfolioContent":"포트폴리오 내용","portfolioCreatedAt":"2019-08-08T09:25:14.513","portfolioGiturl":"www.github.com/repository","portfolioViews":0,"portfolioThumbnailUrl":"/image.png","portfolioComments":[],"links":[{"rel":"self","href":"http://localhost:8080/portfolios/5"}]},{"portfolioId":4,"accountEmail":"test@email.com","accountName":"test name","portfolioTitle":"update title","portfolioContent":"update content","portfolioCreatedAt":"2019-08-08T09:25:14.47","portfolioGiturl":"www.github.com/repository","portfolioViews":0,"portfolioThumbnailUrl":"/image.png","portfolioComments":[],"links":[{"rel":"self","href":"http://localhost:8080/portfolios/4"}]},{"portfolioId":3,"accountEmail":"test@email.com","accountName":"test name","portfolioTitle":"포트폴리오 제목","portfolioContent":"포트폴리오 내용","portfolioCreatedAt":"2019-08-08T09:25:14.342","portfolioGiturl":"www.github.com/repository","portfolioViews":0,"portfolioThumbnailUrl":"/image.png","portfolioComments":[{"portfolioCommentId":3,"accountEmail":"test@email.com","accountName":"test name","portfolioCommentContent":"댓글 내용","portfolioCommentCreatedAt":"2019-08-08T09:25:14.346"}],"links":[{"rel":"self","href":"http://localhost:8080/portfolios/3"}]},{"portfolioId":2,"accountEmail":"test@email.com","accountName":"test name","portfolioTitle":"포트폴리오 제목","portfolioContent":"포트폴리오 내용","portfolioCreatedAt":"2019-08-08T09:25:14.128","portfolioGiturl":"www.github.com/repository","portfolioViews":0,"portfolioThumbnailUrl":"/image.png","portfolioComments":[{"portfolioCommentId":2,"accountEmail":"test@email.com","accountName":"test name","portfolioCommentContent":"내용 수정","portfolioCommentCreatedAt":"2019-08-08T09:25:14.13"}],"links":[{"rel":"self","href":"http://localhost:8080/portfolios/2"}]},{"portfolioId":1,"accountEmail":"test@email.com","accountName":"test name","portfolioTitle":"포트폴리오 제목","portfolioContent":"포트폴리오 내용","portfolioCreatedAt":"2019-08-08T09:25:14.011","portfolioGiturl":"www.github.com/repository","portfolioViews":0,"portfolioThumbnailUrl":"/image.png","portfolioComments":[],"links":[{"rel":"self","href":"http://localhost:8080/portfolios/1"}]}],"page":{"size":6,"totalElements":5,"totalPages":1,"number":0}}
    Forwarded URL = null
   Redirected URL = null
          Cookies = []
]]></system-out>
  </testcase>
  <testcase name="findPortfolioByPortfolioId" classname="com.ssafy.api.PortfolioRestControllerTests" time="0.027">
    <error message="Fields with the following paths were not found in the payload: [portfolioImages]" type="org.springframework.restdocs.snippet.SnippetException">org.springframework.restdocs.snippet.SnippetException: Fields with the following paths were not found in the payload: [portfolioImages]
	at com.ssafy.api.PortfolioRestControllerTests.findPortfolioByPortfolioId(PortfolioRestControllerTests.java:171)
</error>
    <system-out><![CDATA[2019-08-08 09:25:14 INFO [#] [START] - [ACCOUNT : ********* ANONYMOUS ********] / [LOCATION : com.ssafy.api.PortfolioRestController | [METHOD (GET) : findPortfolioByPortfolioId()]
2019-08-08 09:25:14 INFO [#] [ END ] - [ACCOUNT : ********* ANONYMOUS ********] / [LOCATION : com.ssafy.api.PortfolioRestController | [METHOD (GET) : findPortfolioByPortfolioId()]

MockHttpServletRequest:
      HTTP Method = GET
      Request URI = /portfolios/6
       Parameters = {}
          Headers = []
             Body = null
    Session Attrs = {}

Handler:
             Type = com.ssafy.api.PortfolioRestController
           Method = public org.springframework.http.ResponseEntity<com.ssafy.vo.resource.PortfolioResource> com.ssafy.api.PortfolioRestController.findPortfolioByPortfolioId(long) throws java.lang.Exception

Async:
    Async started = false
     Async result = null

Resolved Exception:
             Type = null

ModelAndView:
        View name = null
             View = null
            Model = null

FlashMap:
       Attributes = null

MockHttpServletResponse:
           Status = 200
    Error message = null
          Headers = [Content-Type:"application/hal+json;charset=UTF-8"]
     Content type = application/hal+json;charset=UTF-8
             Body = {"portfolioId":6,"accountEmail":"test@email.com","accountName":"test name","portfolioTitle":"포트폴리오 제목","portfolioContent":"포트폴리오 내용","portfolioCreatedAt":"2019-08-08T09:25:14.689","portfolioGiturl":"www.github.com/repository","portfolioViews":1,"portfolioThumbnailUrl":"/image.png","portfolioComments":[],"links":[{"rel":"self","href":"http://localhost:8080/portfolios/6"}]}
    Forwarded URL = null
   Redirected URL = null
          Cookies = []

MockHttpServletRequest:
      HTTP Method = DELETE
      Request URI = /portfolios/1/comments/1
       Parameters = {}
          Headers = [accountEmail:"test@email.com", accountAuth:"2"]
             Body = null
    Session Attrs = {}

Handler:
             Type = com.ssafy.api.PortfolioCommentRestController
           Method = public org.springframework.http.ResponseEntity<?> com.ssafy.api.PortfolioCommentRestController.deletePortfolioCommentByPortfolioCommentId(java.lang.String,int,long) throws java.lang.Exception

Async:
    Async started = false
     Async result = null

Resolved Exception:
             Type = java.lang.NullPointerException

ModelAndView:
        View name = null
             View = null
            Model = null

FlashMap:
       Attributes = null

MockHttpServletResponse:
           Status = 400
    Error message = null
          Headers = []
     Content type = null
             Body = 
    Forwarded URL = null
   Redirected URL = null
          Cookies = []

MockHttpServletRequest:
      HTTP Method = PUT
      Request URI = /portfolios/2/comments/2
       Parameters = {}
          Headers = [Content-Type:"application/json;charset=UTF-8", accountEmail:"test@email.com", accountAuth:"2"]
             Body = {"portfolioCommentId":2,"accountEmail":"test@email.com","accountName":"test name","portfolioCommentContent":"내용 수정","portfolioCommentCreatedAt":"2019-08-08T09:25:14.13"}
    Session Attrs = {}

Handler:
             Type = com.ssafy.api.PortfolioCommentRestController
           Method = public org.springframework.http.ResponseEntity<com.ssafy.vo.resource.PortfolioCommentResource> com.ssafy.api.PortfolioCommentRestController.updatePortfolioComment(java.lang.String,int,long,com.ssafy.vo.PortfolioComment) throws java.lang.Exception

Async:
    Async started = false
     Async result = null

Resolved Exception:
             Type = null

ModelAndView:
        View name = null
             View = null
            Model = null

FlashMap:
       Attributes = null

MockHttpServletResponse:
           Status = 200
    Error message = null
          Headers = [Content-Type:"application/hal+json;charset=UTF-8"]
     Content type = application/hal+json;charset=UTF-8
             Body = {"portfolioCommentId":2,"accountEmail":"test@email.com","accountName":"test name","portfolioCommentContent":"내용 수정","portfolioCommentCreatedAt":"2019-08-08T09:25:14.13","links":[{"rel":"self","href":"http://localhost:8080/portfolios/2"},{"rel":"delete","href":"http://localhost:8080/portfolios/2"}]}
    Forwarded URL = null
   Redirected URL = null
          Cookies = []

MockHttpServletRequest:
      HTTP Method = POST
      Request URI = /portfolios/3/comments
       Parameters = {}
          Headers = [Content-Type:"application/json;charset=UTF-8", accountEmail:"test@email.com", accountAuth:"2"]
             Body = {"portfolioCommentId":0,"accountEmail":"test@email.com","accountName":"test name","portfolioCommentContent":"댓글 내용"}
    Session Attrs = {}

Handler:
             Type = com.ssafy.api.PortfolioCommentRestController
           Method = public org.springframework.http.ResponseEntity<com.ssafy.vo.resource.PortfolioCommentResource> com.ssafy.api.PortfolioCommentRestController.createPortfolioComment(java.lang.String,int,long,com.ssafy.vo.PortfolioComment) throws java.lang.Exception

Async:
    Async started = false
     Async result = null

Resolved Exception:
             Type = null

ModelAndView:
        View name = null
             View = null
            Model = null

FlashMap:
       Attributes = null

MockHttpServletResponse:
           Status = 201
    Error message = null
          Headers = [Location:"http://localhost:8080/portfolios/3", Content-Type:"application/hal+json;charset=UTF-8"]
     Content type = application/hal+json;charset=UTF-8
             Body = {"portfolioCommentId":3,"accountEmail":"test@email.com","accountName":"test name","portfolioCommentContent":"댓글 내용","portfolioCommentCreatedAt":"2019-08-08T09:25:14.346","links":[{"rel":"self","href":"http://localhost:8080/portfolios/3"},{"rel":"update","href":"http://localhost:8080/portfolios/3"},{"rel":"delete","href":"http://localhost:8080/portfolios/3"}]}
    Forwarded URL = null
   Redirected URL = http://localhost:8080/portfolios/3
          Cookies = []

MockHttpServletRequest:
      HTTP Method = PUT
      Request URI = /portfolios/4
       Parameters = {}
          Headers = [Content-Type:"application/json;charset=UTF-8", accountEmail:"test@email.com", accountAuth:"2"]
             Body = {"portfolioId":4,"accountEmail":"test@email.com","accountName":"test name","portfolioTitle":"update title","portfolioContent":"update content","portfolioCreatedAt":"2019-08-08T09:25:14.383","portfolioGiturl":"www.github.com/repository","portfolioViews":0,"portfolioThumbnailUrl":"/image.png"}
    Session Attrs = {}

Handler:
             Type = com.ssafy.api.PortfolioRestController
           Method = public org.springframework.http.ResponseEntity<com.ssafy.vo.resource.PortfolioResource> com.ssafy.api.PortfolioRestController.updatePortfolio(java.lang.String,int,long,com.ssafy.vo.Portfolio) throws java.lang.Exception

Async:
    Async started = false
     Async result = null

Resolved Exception:
             Type = null

ModelAndView:
        View name = null
             View = null
            Model = null

FlashMap:
       Attributes = null

MockHttpServletResponse:
           Status = 200
    Error message = null
          Headers = [Content-Type:"application/hal+json;charset=UTF-8"]
     Content type = application/hal+json;charset=UTF-8
             Body = {"portfolioId":4,"accountEmail":"test@email.com","accountName":"test name","portfolioTitle":"update title","portfolioContent":"update content","portfolioCreatedAt":"2019-08-08T09:25:14.47","portfolioGiturl":"www.github.com/repository","portfolioViews":0,"portfolioThumbnailUrl":"/image.png","portfolioComments":[],"links":[{"rel":"self","href":"http://localhost:8080/portfolios/4"},{"rel":"delete","href":"http://localhost:8080/portfolios/4"}]}
    Forwarded URL = null
   Redirected URL = null
          Cookies = []

MockHttpServletRequest:
      HTTP Method = GET
      Request URI = /portfolios/pages/1
       Parameters = {}
          Headers = []
             Body = null
    Session Attrs = {}

Handler:
             Type = com.ssafy.api.PortfolioRestController
           Method = public org.springframework.http.ResponseEntity<org.springframework.hateoas.PagedResources<com.ssafy.vo.resource.PortfolioResource>> com.ssafy.api.PortfolioRestController.findAllPortfolios(int,org.springframework.data.web.PagedResourcesAssembler<com.ssafy.vo.Portfolio>)

Async:
    Async started = false
     Async result = null

Resolved Exception:
             Type = null

ModelAndView:
        View name = null
             View = null
            Model = null

FlashMap:
       Attributes = null

MockHttpServletResponse:
           Status = 200
    Error message = null
          Headers = [Content-Type:"application/hal+json;charset=UTF-8"]
     Content type = application/hal+json;charset=UTF-8
             Body = {"links":[{"rel":"self","href":"http://localhost:8080/portfolios/pages/1?page=0&size=6&sort=portfolioCreatedAt,desc"}],"content":[{"portfolioId":5,"accountEmail":"test@email.com","accountName":"test name","portfolioTitle":"포트폴리오 제목","portfolioContent":"포트폴리오 내용","portfolioCreatedAt":"2019-08-08T09:25:14.513","portfolioGiturl":"www.github.com/repository","portfolioViews":0,"portfolioThumbnailUrl":"/image.png","portfolioComments":[],"links":[{"rel":"self","href":"http://localhost:8080/portfolios/5"}]},{"portfolioId":4,"accountEmail":"test@email.com","accountName":"test name","portfolioTitle":"update title","portfolioContent":"update content","portfolioCreatedAt":"2019-08-08T09:25:14.47","portfolioGiturl":"www.github.com/repository","portfolioViews":0,"portfolioThumbnailUrl":"/image.png","portfolioComments":[],"links":[{"rel":"self","href":"http://localhost:8080/portfolios/4"}]},{"portfolioId":3,"accountEmail":"test@email.com","accountName":"test name","portfolioTitle":"포트폴리오 제목","portfolioContent":"포트폴리오 내용","portfolioCreatedAt":"2019-08-08T09:25:14.342","portfolioGiturl":"www.github.com/repository","portfolioViews":0,"portfolioThumbnailUrl":"/image.png","portfolioComments":[{"portfolioCommentId":3,"accountEmail":"test@email.com","accountName":"test name","portfolioCommentContent":"댓글 내용","portfolioCommentCreatedAt":"2019-08-08T09:25:14.346"}],"links":[{"rel":"self","href":"http://localhost:8080/portfolios/3"}]},{"portfolioId":2,"accountEmail":"test@email.com","accountName":"test name","portfolioTitle":"포트폴리오 제목","portfolioContent":"포트폴리오 내용","portfolioCreatedAt":"2019-08-08T09:25:14.128","portfolioGiturl":"www.github.com/repository","portfolioViews":0,"portfolioThumbnailUrl":"/image.png","portfolioComments":[{"portfolioCommentId":2,"accountEmail":"test@email.com","accountName":"test name","portfolioCommentContent":"내용 수정","portfolioCommentCreatedAt":"2019-08-08T09:25:14.13"}],"links":[{"rel":"self","href":"http://localhost:8080/portfolios/2"}]},{"portfolioId":1,"accountEmail":"test@email.com","accountName":"test name","portfolioTitle":"포트폴리오 제목","portfolioContent":"포트폴리오 내용","portfolioCreatedAt":"2019-08-08T09:25:14.011","portfolioGiturl":"www.github.com/repository","portfolioViews":0,"portfolioThumbnailUrl":"/image.png","portfolioComments":[],"links":[{"rel":"self","href":"http://localhost:8080/portfolios/1"}]}],"page":{"size":6,"totalElements":5,"totalPages":1,"number":0}}
    Forwarded URL = null
   Redirected URL = null
          Cookies = []

MockHttpServletRequest:
      HTTP Method = GET
      Request URI = /portfolios/6
       Parameters = {}
          Headers = []
             Body = null
    Session Attrs = {}

Handler:
             Type = com.ssafy.api.PortfolioRestController
           Method = public org.springframework.http.ResponseEntity<com.ssafy.vo.resource.PortfolioResource> com.ssafy.api.PortfolioRestController.findPortfolioByPortfolioId(long) throws java.lang.Exception

Async:
    Async started = false
     Async result = null

Resolved Exception:
             Type = null

ModelAndView:
        View name = null
             View = null
            Model = null

FlashMap:
       Attributes = null

MockHttpServletResponse:
           Status = 200
    Error message = null
          Headers = [Content-Type:"application/hal+json;charset=UTF-8"]
     Content type = application/hal+json;charset=UTF-8
             Body = {"portfolioId":6,"accountEmail":"test@email.com","accountName":"test name","portfolioTitle":"포트폴리오 제목","portfolioContent":"포트폴리오 내용","portfolioCreatedAt":"2019-08-08T09:25:14.689","portfolioGiturl":"www.github.com/repository","portfolioViews":1,"portfolioThumbnailUrl":"/image.png","portfolioComments":[],"links":[{"rel":"self","href":"http://localhost:8080/portfolios/6"}]}
    Forwarded URL = null
   Redirected URL = null
          Cookies = []
]]></system-out>
  </testcase>
  <testcase name="createPortfolio" classname="com.ssafy.api.PortfolioRestControllerTests" time="0.032">
    <error message="The following parts of the payload were not documented:&#10;{&#10;  &quot;portfolioComments&quot; : [ ]&#10;}" type="org.springframework.restdocs.snippet.SnippetException">org.springframework.restdocs.snippet.SnippetException: 
The following parts of the payload were not documented:
{
  "portfolioComments" : [ ]
}
	at com.ssafy.api.PortfolioRestControllerTests.createPortfolio(PortfolioRestControllerTests.java:42)
</error>
    <system-out><![CDATA[2019-08-08 09:25:14 INFO [#] [START] - [ACCOUNT : test@email.com | AUTH : 2] / [LOCATION : com.ssafy.api.PortfolioRestController | [METHOD (POST) : createPortfolio()]
2019-08-08 09:25:14 INFO [#] [ END ] - [ACCOUNT : test@email.com | AUTH : 2] / [LOCATION : com.ssafy.api.PortfolioRestController | [METHOD (POST) : createPortfolio()]

MockHttpServletRequest:
      HTTP Method = POST
      Request URI = /portfolios
       Parameters = {}
          Headers = [Content-Type:"application/json;charset=UTF-8", accountEmail:"test@email.com", accountAuth:"2"]
             Body = {"portfolioId":0,"accountEmail":"test@email.com","accountName":"test name","portfolioTitle":"포트폴리오 제목","portfolioContent":"포트폴리오 내용","portfolioGiturl":"www.github.com/repository","portfolioViews":0,"portfolioThumbnailUrl":"/image.png"}
    Session Attrs = {}

Handler:
             Type = com.ssafy.api.PortfolioRestController
           Method = public org.springframework.http.ResponseEntity<com.ssafy.vo.resource.PortfolioResource> com.ssafy.api.PortfolioRestController.createPortfolio(java.lang.String,int,com.ssafy.vo.Portfolio) throws java.lang.Exception

Async:
    Async started = false
     Async result = null

Resolved Exception:
             Type = null

ModelAndView:
        View name = null
             View = null
            Model = null

FlashMap:
       Attributes = null

MockHttpServletResponse:
           Status = 201
    Error message = null
          Headers = [Location:"http://localhost:8080/portfolios/7", Content-Type:"application/hal+json;charset=UTF-8"]
     Content type = application/hal+json;charset=UTF-8
             Body = {"portfolioId":7,"accountEmail":"test@email.com","accountName":"test name","portfolioTitle":"포트폴리오 제목","portfolioContent":"포트폴리오 내용","portfolioCreatedAt":"2019-08-08T09:25:14.72","portfolioGiturl":"www.github.com/repository","portfolioViews":0,"portfolioThumbnailUrl":"/image.png","portfolioComments":[],"links":[{"rel":"self","href":"http://localhost:8080/portfolios/7"},{"rel":"update","href":"http://localhost:8080/portfolios/7"},{"rel":"delete","href":"http://localhost:8080/portfolios/7"}]}
    Forwarded URL = null
   Redirected URL = http://localhost:8080/portfolios/7
          Cookies = []

MockHttpServletRequest:
      HTTP Method = DELETE
      Request URI = /portfolios/1/comments/1
       Parameters = {}
          Headers = [accountEmail:"test@email.com", accountAuth:"2"]
             Body = null
    Session Attrs = {}

Handler:
             Type = com.ssafy.api.PortfolioCommentRestController
           Method = public org.springframework.http.ResponseEntity<?> com.ssafy.api.PortfolioCommentRestController.deletePortfolioCommentByPortfolioCommentId(java.lang.String,int,long) throws java.lang.Exception

Async:
    Async started = false
     Async result = null

Resolved Exception:
             Type = java.lang.NullPointerException

ModelAndView:
        View name = null
             View = null
            Model = null

FlashMap:
       Attributes = null

MockHttpServletResponse:
           Status = 400
    Error message = null
          Headers = []
     Content type = null
             Body = 
    Forwarded URL = null
   Redirected URL = null
          Cookies = []

MockHttpServletRequest:
      HTTP Method = PUT
      Request URI = /portfolios/2/comments/2
       Parameters = {}
          Headers = [Content-Type:"application/json;charset=UTF-8", accountEmail:"test@email.com", accountAuth:"2"]
             Body = {"portfolioCommentId":2,"accountEmail":"test@email.com","accountName":"test name","portfolioCommentContent":"내용 수정","portfolioCommentCreatedAt":"2019-08-08T09:25:14.13"}
    Session Attrs = {}

Handler:
             Type = com.ssafy.api.PortfolioCommentRestController
           Method = public org.springframework.http.ResponseEntity<com.ssafy.vo.resource.PortfolioCommentResource> com.ssafy.api.PortfolioCommentRestController.updatePortfolioComment(java.lang.String,int,long,com.ssafy.vo.PortfolioComment) throws java.lang.Exception

Async:
    Async started = false
     Async result = null

Resolved Exception:
             Type = null

ModelAndView:
        View name = null
             View = null
            Model = null

FlashMap:
       Attributes = null

MockHttpServletResponse:
           Status = 200
    Error message = null
          Headers = [Content-Type:"application/hal+json;charset=UTF-8"]
     Content type = application/hal+json;charset=UTF-8
             Body = {"portfolioCommentId":2,"accountEmail":"test@email.com","accountName":"test name","portfolioCommentContent":"내용 수정","portfolioCommentCreatedAt":"2019-08-08T09:25:14.13","links":[{"rel":"self","href":"http://localhost:8080/portfolios/2"},{"rel":"delete","href":"http://localhost:8080/portfolios/2"}]}
    Forwarded URL = null
   Redirected URL = null
          Cookies = []

MockHttpServletRequest:
      HTTP Method = POST
      Request URI = /portfolios/3/comments
       Parameters = {}
          Headers = [Content-Type:"application/json;charset=UTF-8", accountEmail:"test@email.com", accountAuth:"2"]
             Body = {"portfolioCommentId":0,"accountEmail":"test@email.com","accountName":"test name","portfolioCommentContent":"댓글 내용"}
    Session Attrs = {}

Handler:
             Type = com.ssafy.api.PortfolioCommentRestController
           Method = public org.springframework.http.ResponseEntity<com.ssafy.vo.resource.PortfolioCommentResource> com.ssafy.api.PortfolioCommentRestController.createPortfolioComment(java.lang.String,int,long,com.ssafy.vo.PortfolioComment) throws java.lang.Exception

Async:
    Async started = false
     Async result = null

Resolved Exception:
             Type = null

ModelAndView:
        View name = null
             View = null
            Model = null

FlashMap:
       Attributes = null

MockHttpServletResponse:
           Status = 201
    Error message = null
          Headers = [Location:"http://localhost:8080/portfolios/3", Content-Type:"application/hal+json;charset=UTF-8"]
     Content type = application/hal+json;charset=UTF-8
             Body = {"portfolioCommentId":3,"accountEmail":"test@email.com","accountName":"test name","portfolioCommentContent":"댓글 내용","portfolioCommentCreatedAt":"2019-08-08T09:25:14.346","links":[{"rel":"self","href":"http://localhost:8080/portfolios/3"},{"rel":"update","href":"http://localhost:8080/portfolios/3"},{"rel":"delete","href":"http://localhost:8080/portfolios/3"}]}
    Forwarded URL = null
   Redirected URL = http://localhost:8080/portfolios/3
          Cookies = []

MockHttpServletRequest:
      HTTP Method = PUT
      Request URI = /portfolios/4
       Parameters = {}
          Headers = [Content-Type:"application/json;charset=UTF-8", accountEmail:"test@email.com", accountAuth:"2"]
             Body = {"portfolioId":4,"accountEmail":"test@email.com","accountName":"test name","portfolioTitle":"update title","portfolioContent":"update content","portfolioCreatedAt":"2019-08-08T09:25:14.383","portfolioGiturl":"www.github.com/repository","portfolioViews":0,"portfolioThumbnailUrl":"/image.png"}
    Session Attrs = {}

Handler:
             Type = com.ssafy.api.PortfolioRestController
           Method = public org.springframework.http.ResponseEntity<com.ssafy.vo.resource.PortfolioResource> com.ssafy.api.PortfolioRestController.updatePortfolio(java.lang.String,int,long,com.ssafy.vo.Portfolio) throws java.lang.Exception

Async:
    Async started = false
     Async result = null

Resolved Exception:
             Type = null

ModelAndView:
        View name = null
             View = null
            Model = null

FlashMap:
       Attributes = null

MockHttpServletResponse:
           Status = 200
    Error message = null
          Headers = [Content-Type:"application/hal+json;charset=UTF-8"]
     Content type = application/hal+json;charset=UTF-8
             Body = {"portfolioId":4,"accountEmail":"test@email.com","accountName":"test name","portfolioTitle":"update title","portfolioContent":"update content","portfolioCreatedAt":"2019-08-08T09:25:14.47","portfolioGiturl":"www.github.com/repository","portfolioViews":0,"portfolioThumbnailUrl":"/image.png","portfolioComments":[],"links":[{"rel":"self","href":"http://localhost:8080/portfolios/4"},{"rel":"delete","href":"http://localhost:8080/portfolios/4"}]}
    Forwarded URL = null
   Redirected URL = null
          Cookies = []

MockHttpServletRequest:
      HTTP Method = GET
      Request URI = /portfolios/pages/1
       Parameters = {}
          Headers = []
             Body = null
    Session Attrs = {}

Handler:
             Type = com.ssafy.api.PortfolioRestController
           Method = public org.springframework.http.ResponseEntity<org.springframework.hateoas.PagedResources<com.ssafy.vo.resource.PortfolioResource>> com.ssafy.api.PortfolioRestController.findAllPortfolios(int,org.springframework.data.web.PagedResourcesAssembler<com.ssafy.vo.Portfolio>)

Async:
    Async started = false
     Async result = null

Resolved Exception:
             Type = null

ModelAndView:
        View name = null
             View = null
            Model = null

FlashMap:
       Attributes = null

MockHttpServletResponse:
           Status = 200
    Error message = null
          Headers = [Content-Type:"application/hal+json;charset=UTF-8"]
     Content type = application/hal+json;charset=UTF-8
             Body = {"links":[{"rel":"self","href":"http://localhost:8080/portfolios/pages/1?page=0&size=6&sort=portfolioCreatedAt,desc"}],"content":[{"portfolioId":5,"accountEmail":"test@email.com","accountName":"test name","portfolioTitle":"포트폴리오 제목","portfolioContent":"포트폴리오 내용","portfolioCreatedAt":"2019-08-08T09:25:14.513","portfolioGiturl":"www.github.com/repository","portfolioViews":0,"portfolioThumbnailUrl":"/image.png","portfolioComments":[],"links":[{"rel":"self","href":"http://localhost:8080/portfolios/5"}]},{"portfolioId":4,"accountEmail":"test@email.com","accountName":"test name","portfolioTitle":"update title","portfolioContent":"update content","portfolioCreatedAt":"2019-08-08T09:25:14.47","portfolioGiturl":"www.github.com/repository","portfolioViews":0,"portfolioThumbnailUrl":"/image.png","portfolioComments":[],"links":[{"rel":"self","href":"http://localhost:8080/portfolios/4"}]},{"portfolioId":3,"accountEmail":"test@email.com","accountName":"test name","portfolioTitle":"포트폴리오 제목","portfolioContent":"포트폴리오 내용","portfolioCreatedAt":"2019-08-08T09:25:14.342","portfolioGiturl":"www.github.com/repository","portfolioViews":0,"portfolioThumbnailUrl":"/image.png","portfolioComments":[{"portfolioCommentId":3,"accountEmail":"test@email.com","accountName":"test name","portfolioCommentContent":"댓글 내용","portfolioCommentCreatedAt":"2019-08-08T09:25:14.346"}],"links":[{"rel":"self","href":"http://localhost:8080/portfolios/3"}]},{"portfolioId":2,"accountEmail":"test@email.com","accountName":"test name","portfolioTitle":"포트폴리오 제목","portfolioContent":"포트폴리오 내용","portfolioCreatedAt":"2019-08-08T09:25:14.128","portfolioGiturl":"www.github.com/repository","portfolioViews":0,"portfolioThumbnailUrl":"/image.png","portfolioComments":[{"portfolioCommentId":2,"accountEmail":"test@email.com","accountName":"test name","portfolioCommentContent":"내용 수정","portfolioCommentCreatedAt":"2019-08-08T09:25:14.13"}],"links":[{"rel":"self","href":"http://localhost:8080/portfolios/2"}]},{"portfolioId":1,"accountEmail":"test@email.com","accountName":"test name","portfolioTitle":"포트폴리오 제목","portfolioContent":"포트폴리오 내용","portfolioCreatedAt":"2019-08-08T09:25:14.011","portfolioGiturl":"www.github.com/repository","portfolioViews":0,"portfolioThumbnailUrl":"/image.png","portfolioComments":[],"links":[{"rel":"self","href":"http://localhost:8080/portfolios/1"}]}],"page":{"size":6,"totalElements":5,"totalPages":1,"number":0}}
    Forwarded URL = null
   Redirected URL = null
          Cookies = []

MockHttpServletRequest:
      HTTP Method = GET
      Request URI = /portfolios/6
       Parameters = {}
          Headers = []
             Body = null
    Session Attrs = {}

Handler:
             Type = com.ssafy.api.PortfolioRestController
           Method = public org.springframework.http.ResponseEntity<com.ssafy.vo.resource.PortfolioResource> com.ssafy.api.PortfolioRestController.findPortfolioByPortfolioId(long) throws java.lang.Exception

Async:
    Async started = false
     Async result = null

Resolved Exception:
             Type = null

ModelAndView:
        View name = null
             View = null
            Model = null

FlashMap:
       Attributes = null

MockHttpServletResponse:
           Status = 200
    Error message = null
          Headers = [Content-Type:"application/hal+json;charset=UTF-8"]
     Content type = application/hal+json;charset=UTF-8
             Body = {"portfolioId":6,"accountEmail":"test@email.com","accountName":"test name","portfolioTitle":"포트폴리오 제목","portfolioContent":"포트폴리오 내용","portfolioCreatedAt":"2019-08-08T09:25:14.689","portfolioGiturl":"www.github.com/repository","portfolioViews":1,"portfolioThumbnailUrl":"/image.png","portfolioComments":[],"links":[{"rel":"self","href":"http://localhost:8080/portfolios/6"}]}
    Forwarded URL = null
   Redirected URL = null
          Cookies = []

MockHttpServletRequest:
      HTTP Method = POST
      Request URI = /portfolios
       Parameters = {}
          Headers = [Content-Type:"application/json;charset=UTF-8", accountEmail:"test@email.com", accountAuth:"2"]
             Body = {"portfolioId":0,"accountEmail":"test@email.com","accountName":"test name","portfolioTitle":"포트폴리오 제목","portfolioContent":"포트폴리오 내용","portfolioGiturl":"www.github.com/repository","portfolioViews":0,"portfolioThumbnailUrl":"/image.png"}
    Session Attrs = {}

Handler:
             Type = com.ssafy.api.PortfolioRestController
           Method = public org.springframework.http.ResponseEntity<com.ssafy.vo.resource.PortfolioResource> com.ssafy.api.PortfolioRestController.createPortfolio(java.lang.String,int,com.ssafy.vo.Portfolio) throws java.lang.Exception

Async:
    Async started = false
     Async result = null

Resolved Exception:
             Type = null

ModelAndView:
        View name = null
             View = null
            Model = null

FlashMap:
       Attributes = null

MockHttpServletResponse:
           Status = 201
    Error message = null
          Headers = [Location:"http://localhost:8080/portfolios/7", Content-Type:"application/hal+json;charset=UTF-8"]
     Content type = application/hal+json;charset=UTF-8
             Body = {"portfolioId":7,"accountEmail":"test@email.com","accountName":"test name","portfolioTitle":"포트폴리오 제목","portfolioContent":"포트폴리오 내용","portfolioCreatedAt":"2019-08-08T09:25:14.72","portfolioGiturl":"www.github.com/repository","portfolioViews":0,"portfolioThumbnailUrl":"/image.png","portfolioComments":[],"links":[{"rel":"self","href":"http://localhost:8080/portfolios/7"},{"rel":"update","href":"http://localhost:8080/portfolios/7"},{"rel":"delete","href":"http://localhost:8080/portfolios/7"}]}
    Forwarded URL = null
   Redirected URL = http://localhost:8080/portfolios/7
          Cookies = []
]]></system-out>
  </testcase>
  <testcase name="countPortfolios" classname="com.ssafy.api.PortfolioRestControllerTests" time="0.02"/>
  <testcase name="deletePortfolio" classname="com.ssafy.api.PortfolioRestControllerTests" time="0.034"/>
</testsuite>