<?xml version="1.0" encoding="UTF-8"?>
<testsuite xmlns:xsi="http://www.w3.org/2001/XMLSchema-instance" xsi:noNamespaceSchemaLocation="https://maven.apache.org/surefire/maven-surefire-plugin/xsd/surefire-test-report.xsd" name="com.ssafy.api.PortfolioCommentRestControllerTests" time="5.772" tests="3" errors="2" skipped="0" failures="1">
  <properties>
[...]
</properties>
  <testcase name="deletePortfolioComment" classname="com.ssafy.api.PortfolioCommentRestControllerTests" time="0.199">
    <failure message="Status expected:&lt;204&gt; but was:&lt;400&gt;" type="java.lang.AssertionError"><![CDATA[java.lang.AssertionError: Status expected:<204> but was:<400>
	at com.ssafy.api.PortfolioCommentRestControllerTests.deletePortfolioComment(PortfolioCommentRestControllerTests.java:137)
]]></failure>
    <system-out><![CDATA[2019-08-08 09:32:04 INFO Neither @ContextConfiguration nor @ContextHierarchy found for test class [com.ssafy.api.PortfolioCommentRestControllerTests], using SpringBootContextLoader
2019-08-08 09:32:04 INFO Could not detect default resource locations for test class [com.ssafy.api.PortfolioCommentRestControllerTests]: no resource found for suffixes {-context.xml, Context.groovy}.
2019-08-08 09:32:04 INFO Could not detect default configuration classes for test class [com.ssafy.api.PortfolioCommentRestControllerTests]: PortfolioCommentRestControllerTests does not declare any static, non-private, non-final, nested classes annotated with @Configuration.
2019-08-08 09:32:04 INFO Found @SpringBootConfiguration com.ssafy.WebmobileSub2Application for test class com.ssafy.api.PortfolioCommentRestControllerTests
2019-08-08 09:32:04 INFO Loaded default TestExecutionListener class names from location [META-INF/spring.factories]: [org.springframework.boot.test.mock.mockito.MockitoTestExecutionListener, org.springframework.boot.test.mock.mockito.ResetMocksTestExecutionListener, org.springframework.boot.test.autoconfigure.restdocs.RestDocsTestExecutionListener, org.springframework.boot.test.autoconfigure.web.client.MockRestServiceServerResetTestExecutionListener, org.springframework.boot.test.autoconfigure.web.servlet.MockMvcPrintOnlyOnFailureTestExecutionListener, org.springframework.boot.test.autoconfigure.web.servlet.WebDriverTestExecutionListener, org.springframework.test.context.web.ServletTestExecutionListener, org.springframework.test.context.support.DirtiesContextBeforeModesTestExecutionListener, org.springframework.test.context.support.DependencyInjectionTestExecutionListener, org.springframework.test.context.support.DirtiesContextTestExecutionListener, org.springframework.test.context.transaction.TransactionalTestExecutionListener, org.springframework.test.context.jdbc.SqlScriptsTestExecutionListener]
2019-08-08 09:32:04 INFO Using TestExecutionListeners: [org.springframework.test.context.web.ServletTestExecutionListener@4e928fbf, org.springframework.test.context.support.DirtiesContextBeforeModesTestExecutionListener@352ff4da, org.springframework.boot.test.mock.mockito.MockitoTestExecutionListener@3224a577, org.springframework.boot.test.autoconfigure.SpringBootDependencyInjectionTestExecutionListener@2e32ccc5, org.springframework.test.context.support.DirtiesContextTestExecutionListener@748741cb, org.springframework.test.context.transaction.TransactionalTestExecutionListener@3e44f2a5, org.springframework.test.context.jdbc.SqlScriptsTestExecutionListener@295cf707, org.springframework.boot.test.mock.mockito.ResetMocksTestExecutionListener@1130520d, org.springframework.boot.test.autoconfigure.restdocs.RestDocsTestExecutionListener@5f77d0f9, org.springframework.boot.test.autoconfigure.web.client.MockRestServiceServerResetTestExecutionListener@463fd068, org.springframework.boot.test.autoconfigure.web.servlet.MockMvcPrintOnlyOnFailureTestExecutionListener@895e367, org.springframework.boot.test.autoconfigure.web.servlet.WebDriverTestExecutionListener@1b266842]
2019-08-08 09:32:05,098 main INFO Log4j appears to be running in a Servlet environment, but there's no log4j-web module available. If you want better web container support, please add the log4j-web JAR to your web archive or server lib directory.
 _____                  ______                       
(_____)                (____  \                      
   _     ____   ____    ____)  )  ____   ____   ____ 
  | |   / ___) / _  )  |  __  (  / _  ) / _  | / ___)
 _| |_ ( (___ ( (/ /   | |__)  )( (/ / ( ( | || |    
(_____) \____) \____)  |______/  \____) \_||_||_|    
                                                     
 _  _  _         _                    _      _  _               ___  _                _ 
| || || |       | |                  | |    (_)| |             / __)(_)              | |
| || || |  ____ | | _   ____    ___  | | _   _ | |  ____  ___ | |__  _  ____    ____ | |
| ||_|| | / _  )| || \ |    \  / _ \ | || \ | || | / _  )(___)|  __)| ||  _ \  / _  || |
| |___| |( (/ / | |_) )| | | || |_| || |_) )| || |( (/ /      | |   | || | | |( ( | || |
 \______| \____)|____/ |_|_|_| \___/ |____/ |_||_| \____)     |_|   |_||_| |_| \_||_||_|
                                                                                        
2019-08-08 09:32:05 INFO Starting PortfolioCommentRestControllerTests on DESKTOP-KVCQHCD with PID 5940 (started by multicampus in C:\Users\multicampus\Documents\Workspace_ssafy2\webmobile-final\backend)
2019-08-08 09:32:05 INFO The following profiles are active: test
2019-08-08 09:32:05 WARN No MyBatis mapper was found in '[com.ssafy]' package. Please check your configuration.
2019-08-08 09:32:05 INFO Bootstrapping Spring Data repositories in DEFAULT mode.
2019-08-08 09:32:05 INFO Finished Spring Data repository scanning in 70ms. Found 4 repository interfaces.
2019-08-08 09:32:06 INFO Bean 'org.springframework.transaction.annotation.ProxyTransactionManagementConfiguration' of type [org.springframework.transaction.annotation.ProxyTransactionManagementConfiguration$$EnhancerBySpringCGLIB$$35d95b3] is not eligible for getting processed by all BeanPostProcessors (for example: not eligible for auto-proxying)
2019-08-08 09:32:06 INFO HikariPool-1 - Starting...
2019-08-08 09:32:06 INFO HikariPool-1 - Start completed.
2019-08-08 09:32:06 INFO HHH000204: Processing PersistenceUnitInfo [
	name: default
	...]
2019-08-08 09:32:06 INFO HHH000412: Hibernate Core {5.3.10.Final}
2019-08-08 09:32:06 INFO HHH000206: hibernate.properties not found
2019-08-08 09:32:06 INFO HCANN000001: Hibernate Commons Annotations {5.0.4.Final}
2019-08-08 09:32:07 INFO HHH000400: Using dialect: org.hibernate.dialect.H2Dialect
2019-08-08 09:32:07 INFO Initialized JPA EntityManagerFactory for persistence unit 'default'
2019-08-08 09:32:08 INFO Initializing ExecutorService 'applicationTaskExecutor'
2019-08-08 09:32:09 WARN spring.jpa.open-in-view is enabled by default. Therefore, database queries may be performed during view rendering. Explicitly configure spring.jpa.open-in-view to disable this warning
2019-08-08 09:32:09 INFO Adding welcome page: class path resource [static/index.html]
2019-08-08 09:32:09 INFO Initializing Spring TestDispatcherServlet ''
2019-08-08 09:32:09 INFO Initializing Servlet ''
2019-08-08 09:32:09 INFO Completed initialization in 13 ms
2019-08-08 09:32:09 INFO Started PortfolioCommentRestControllerTests in 4.693 seconds (JVM running for 5.57)
2019-08-08 09:32:09 INFO [#] [START] - [ACCOUNT : test@email.com | AUTH : 2] / [LOCATION : com.ssafy.api.PortfolioCommentRestController | [METHOD (DELETE) : deletePortfolioCommentByPortfolioCommentId()]

MockHttpServletRequest:
      HTTP Method = DELETE
      Request URI = /portfolios/1/comments/1
       Parameters = {}
          Headers = [accountEmail:"test@email.com", accountAuth:"2"]
             Body = null
    Session Attrs = {}

Handler:
             Type = com.ssafy.api.PortfolioCommentRestController
           Method = public org.springframework.http.ResponseEntity<?> com.ssafy.api.PortfolioCommentRestController.deletePortfolioCommentByPortfolioCommentId(java.lang.String,int,long) throws java.lang.Exception

Async:
    Async started = false
     Async result = null

Resolved Exception:
             Type = java.lang.NullPointerException

ModelAndView:
        View name = null
             View = null
            Model = null

FlashMap:
       Attributes = null

MockHttpServletResponse:
           Status = 400
    Error message = null
          Headers = []
     Content type = null
             Body = 
    Forwarded URL = null
   Redirected URL = null
          Cookies = []

MockHttpServletRequest:
      HTTP Method = DELETE
      Request URI = /portfolios/1/comments/1
       Parameters = {}
          Headers = [accountEmail:"test@email.com", accountAuth:"2"]
             Body = null
    Session Attrs = {}

Handler:
             Type = com.ssafy.api.PortfolioCommentRestController
           Method = public org.springframework.http.ResponseEntity<?> com.ssafy.api.PortfolioCommentRestController.deletePortfolioCommentByPortfolioCommentId(java.lang.String,int,long) throws java.lang.Exception

Async:
    Async started = false
     Async result = null

Resolved Exception:
             Type = java.lang.NullPointerException

ModelAndView:
        View name = null
             View = null
            Model = null

FlashMap:
       Attributes = null

MockHttpServletResponse:
           Status = 400
    Error message = null
          Headers = []
     Content type = null
             Body = 
    Forwarded URL = null
   Redirected URL = null
          Cookies = []
]]></system-out>
  </testcase>
  <testcase name="updatePortfolioComment" classname="com.ssafy.api.PortfolioCommentRestControllerTests" time="0.199">
    <error message="Fields with the following paths were not found in the payload: [portfolioId]" type="org.springframework.restdocs.snippet.SnippetException">org.springframework.restdocs.snippet.SnippetException: Fields with the following paths were not found in the payload: [portfolioId]
	at com.ssafy.api.PortfolioCommentRestControllerTests.updatePortfolioComment(PortfolioCommentRestControllerTests.java:94)
</error>
    <system-out><![CDATA[2019-08-08 09:32:09 INFO [#] [START] - [ACCOUNT : test@email.com | AUTH : 2] / [LOCATION : com.ssafy.api.PortfolioCommentRestController | [METHOD (PUT) : updatePortfolioComment()]
2019-08-08 09:32:09 INFO [#] [ END ] - [ACCOUNT : test@email.com | AUTH : 2] / [LOCATION : com.ssafy.api.PortfolioCommentRestController | [METHOD (PUT) : updatePortfolioComment()]

MockHttpServletRequest:
      HTTP Method = PUT
      Request URI = /portfolios/2/comments/2
       Parameters = {}
          Headers = [Content-Type:"application/json;charset=UTF-8", accountEmail:"test@email.com", accountAuth:"2"]
             Body = {"portfolioCommentId":2,"accountEmail":"test@email.com","accountName":"test name","portfolioCommentContent":"내용 수정","portfolioCommentCreatedAt":"2019-08-08T09:32:09.827"}
    Session Attrs = {}

Handler:
             Type = com.ssafy.api.PortfolioCommentRestController
           Method = public org.springframework.http.ResponseEntity<com.ssafy.vo.resource.PortfolioCommentResource> com.ssafy.api.PortfolioCommentRestController.updatePortfolioComment(java.lang.String,int,long,com.ssafy.vo.PortfolioComment) throws java.lang.Exception

Async:
    Async started = false
     Async result = null

Resolved Exception:
             Type = null

ModelAndView:
        View name = null
             View = null
            Model = null

FlashMap:
       Attributes = null

MockHttpServletResponse:
           Status = 200
    Error message = null
          Headers = [Content-Type:"application/hal+json;charset=UTF-8"]
     Content type = application/hal+json;charset=UTF-8
             Body = {"portfolioCommentId":2,"accountEmail":"test@email.com","accountName":"test name","portfolioCommentContent":"내용 수정","portfolioCommentCreatedAt":"2019-08-08T09:32:09.827","links":[{"rel":"self","href":"http://localhost:8080/portfolios/2"},{"rel":"delete","href":"http://localhost:8080/portfolios/2"}]}
    Forwarded URL = null
   Redirected URL = null
          Cookies = []

MockHttpServletRequest:
      HTTP Method = DELETE
      Request URI = /portfolios/1/comments/1
       Parameters = {}
          Headers = [accountEmail:"test@email.com", accountAuth:"2"]
             Body = null
    Session Attrs = {}

Handler:
             Type = com.ssafy.api.PortfolioCommentRestController
           Method = public org.springframework.http.ResponseEntity<?> com.ssafy.api.PortfolioCommentRestController.deletePortfolioCommentByPortfolioCommentId(java.lang.String,int,long) throws java.lang.Exception

Async:
    Async started = false
     Async result = null

Resolved Exception:
             Type = java.lang.NullPointerException

ModelAndView:
        View name = null
             View = null
            Model = null

FlashMap:
       Attributes = null

MockHttpServletResponse:
           Status = 400
    Error message = null
          Headers = []
     Content type = null
             Body = 
    Forwarded URL = null
   Redirected URL = null
          Cookies = []

MockHttpServletRequest:
      HTTP Method = PUT
      Request URI = /portfolios/2/comments/2
       Parameters = {}
          Headers = [Content-Type:"application/json;charset=UTF-8", accountEmail:"test@email.com", accountAuth:"2"]
             Body = {"portfolioCommentId":2,"accountEmail":"test@email.com","accountName":"test name","portfolioCommentContent":"내용 수정","portfolioCommentCreatedAt":"2019-08-08T09:32:09.827"}
    Session Attrs = {}

Handler:
             Type = com.ssafy.api.PortfolioCommentRestController
           Method = public org.springframework.http.ResponseEntity<com.ssafy.vo.resource.PortfolioCommentResource> com.ssafy.api.PortfolioCommentRestController.updatePortfolioComment(java.lang.String,int,long,com.ssafy.vo.PortfolioComment) throws java.lang.Exception

Async:
    Async started = false
     Async result = null

Resolved Exception:
             Type = null

ModelAndView:
        View name = null
             View = null
            Model = null

FlashMap:
       Attributes = null

MockHttpServletResponse:
           Status = 200
    Error message = null
          Headers = [Content-Type:"application/hal+json;charset=UTF-8"]
     Content type = application/hal+json;charset=UTF-8
             Body = {"portfolioCommentId":2,"accountEmail":"test@email.com","accountName":"test name","portfolioCommentContent":"내용 수정","portfolioCommentCreatedAt":"2019-08-08T09:32:09.827","links":[{"rel":"self","href":"http://localhost:8080/portfolios/2"},{"rel":"delete","href":"http://localhost:8080/portfolios/2"}]}
    Forwarded URL = null
   Redirected URL = null
          Cookies = []
]]></system-out>
  </testcase>
  <testcase name="createPortfolioComment" classname="com.ssafy.api.PortfolioCommentRestControllerTests" time="0.03">
    <error message="Fields with the following paths were not found in the payload: [portfolioId]" type="org.springframework.restdocs.snippet.SnippetException">org.springframework.restdocs.snippet.SnippetException: Fields with the following paths were not found in the payload: [portfolioId]
	at com.ssafy.api.PortfolioCommentRestControllerTests.createPortfolioComment(PortfolioCommentRestControllerTests.java:48)
</error>
    <system-out><![CDATA[2019-08-08 09:32:10 INFO [#] [START] - [ACCOUNT : test@email.com | AUTH : 2] / [LOCATION : com.ssafy.api.PortfolioCommentRestController | [METHOD (POST) : createPortfolioComment()]
2019-08-08 09:32:10 INFO [#] [ END ] - [ACCOUNT : test@email.com | AUTH : 2] / [LOCATION : com.ssafy.api.PortfolioCommentRestController | [METHOD (POST) : createPortfolioComment()]

MockHttpServletRequest:
      HTTP Method = POST
      Request URI = /portfolios/3/comments
       Parameters = {}
          Headers = [Content-Type:"application/json;charset=UTF-8", accountEmail:"test@email.com", accountAuth:"2"]
             Body = {"portfolioCommentId":0,"accountEmail":"test@email.com","accountName":"test name","portfolioCommentContent":"댓글 내용"}
    Session Attrs = {}

Handler:
             Type = com.ssafy.api.PortfolioCommentRestController
           Method = public org.springframework.http.ResponseEntity<com.ssafy.vo.resource.PortfolioCommentResource> com.ssafy.api.PortfolioCommentRestController.createPortfolioComment(java.lang.String,int,long,com.ssafy.vo.PortfolioComment) throws java.lang.Exception

Async:
    Async started = false
     Async result = null

Resolved Exception:
             Type = null

ModelAndView:
        View name = null
             View = null
            Model = null

FlashMap:
       Attributes = null

MockHttpServletResponse:
           Status = 201
    Error message = null
          Headers = [Location:"http://localhost:8080/portfolios/3", Content-Type:"application/hal+json;charset=UTF-8"]
     Content type = application/hal+json;charset=UTF-8
             Body = {"portfolioCommentId":3,"accountEmail":"test@email.com","accountName":"test name","portfolioCommentContent":"댓글 내용","portfolioCommentCreatedAt":"2019-08-08T09:32:10.033","links":[{"rel":"self","href":"http://localhost:8080/portfolios/3"},{"rel":"update","href":"http://localhost:8080/portfolios/3"},{"rel":"delete","href":"http://localhost:8080/portfolios/3"}]}
    Forwarded URL = null
   Redirected URL = http://localhost:8080/portfolios/3
          Cookies = []

MockHttpServletRequest:
      HTTP Method = DELETE
      Request URI = /portfolios/1/comments/1
       Parameters = {}
          Headers = [accountEmail:"test@email.com", accountAuth:"2"]
             Body = null
    Session Attrs = {}

Handler:
             Type = com.ssafy.api.PortfolioCommentRestController
           Method = public org.springframework.http.ResponseEntity<?> com.ssafy.api.PortfolioCommentRestController.deletePortfolioCommentByPortfolioCommentId(java.lang.String,int,long) throws java.lang.Exception

Async:
    Async started = false
     Async result = null

Resolved Exception:
             Type = java.lang.NullPointerException

ModelAndView:
        View name = null
             View = null
            Model = null

FlashMap:
       Attributes = null

MockHttpServletResponse:
           Status = 400
    Error message = null
          Headers = []
     Content type = null
             Body = 
    Forwarded URL = null
   Redirected URL = null
          Cookies = []

MockHttpServletRequest:
      HTTP Method = PUT
      Request URI = /portfolios/2/comments/2
       Parameters = {}
          Headers = [Content-Type:"application/json;charset=UTF-8", accountEmail:"test@email.com", accountAuth:"2"]
             Body = {"portfolioCommentId":2,"accountEmail":"test@email.com","accountName":"test name","portfolioCommentContent":"내용 수정","portfolioCommentCreatedAt":"2019-08-08T09:32:09.827"}
    Session Attrs = {}

Handler:
             Type = com.ssafy.api.PortfolioCommentRestController
           Method = public org.springframework.http.ResponseEntity<com.ssafy.vo.resource.PortfolioCommentResource> com.ssafy.api.PortfolioCommentRestController.updatePortfolioComment(java.lang.String,int,long,com.ssafy.vo.PortfolioComment) throws java.lang.Exception

Async:
    Async started = false
     Async result = null

Resolved Exception:
             Type = null

ModelAndView:
        View name = null
             View = null
            Model = null

FlashMap:
       Attributes = null

MockHttpServletResponse:
           Status = 200
    Error message = null
          Headers = [Content-Type:"application/hal+json;charset=UTF-8"]
     Content type = application/hal+json;charset=UTF-8
             Body = {"portfolioCommentId":2,"accountEmail":"test@email.com","accountName":"test name","portfolioCommentContent":"내용 수정","portfolioCommentCreatedAt":"2019-08-08T09:32:09.827","links":[{"rel":"self","href":"http://localhost:8080/portfolios/2"},{"rel":"delete","href":"http://localhost:8080/portfolios/2"}]}
    Forwarded URL = null
   Redirected URL = null
          Cookies = []

MockHttpServletRequest:
      HTTP Method = POST
      Request URI = /portfolios/3/comments
       Parameters = {}
          Headers = [Content-Type:"application/json;charset=UTF-8", accountEmail:"test@email.com", accountAuth:"2"]
             Body = {"portfolioCommentId":0,"accountEmail":"test@email.com","accountName":"test name","portfolioCommentContent":"댓글 내용"}
    Session Attrs = {}

Handler:
             Type = com.ssafy.api.PortfolioCommentRestController
           Method = public org.springframework.http.ResponseEntity<com.ssafy.vo.resource.PortfolioCommentResource> com.ssafy.api.PortfolioCommentRestController.createPortfolioComment(java.lang.String,int,long,com.ssafy.vo.PortfolioComment) throws java.lang.Exception

Async:
    Async started = false
     Async result = null

Resolved Exception:
             Type = null

ModelAndView:
        View name = null
             View = null
            Model = null

FlashMap:
       Attributes = null

MockHttpServletResponse:
           Status = 201
    Error message = null
          Headers = [Location:"http://localhost:8080/portfolios/3", Content-Type:"application/hal+json;charset=UTF-8"]
     Content type = application/hal+json;charset=UTF-8
             Body = {"portfolioCommentId":3,"accountEmail":"test@email.com","accountName":"test name","portfolioCommentContent":"댓글 내용","portfolioCommentCreatedAt":"2019-08-08T09:32:10.033","links":[{"rel":"self","href":"http://localhost:8080/portfolios/3"},{"rel":"update","href":"http://localhost:8080/portfolios/3"},{"rel":"delete","href":"http://localhost:8080/portfolios/3"}]}
    Forwarded URL = null
   Redirected URL = http://localhost:8080/portfolios/3
          Cookies = []
]]></system-out>
  </testcase>
</testsuite>