<?xml version="1.0" encoding="UTF-8"?>
<testsuite xmlns:xsi="http://www.w3.org/2001/XMLSchema-instance" xsi:noNamespaceSchemaLocation="https://maven.apache.org/surefire/maven-surefire-plugin/xsd/surefire-test-report.xsd" name="com.ssafy.api.PostCommentRestControllerTests" time="0.084" tests="3" errors="2" skipped="0" failures="1">
  <properties>
[...]
</properties>
  <testcase name="createPostComment" classname="com.ssafy.api.PostCommentRestControllerTests" time="0.04">
    <error message="Fields with the following paths were not found in the payload: [postId]" type="org.springframework.restdocs.snippet.SnippetException">org.springframework.restdocs.snippet.SnippetException: Fields with the following paths were not found in the payload: [postId]
	at com.ssafy.api.PostCommentRestControllerTests.createPostComment(PostCommentRestControllerTests.java:48)
</error>
    <system-out><![CDATA[2019-08-08 09:32:10 INFO Neither @ContextConfiguration nor @ContextHierarchy found for test class [com.ssafy.api.PostCommentRestControllerTests], using SpringBootContextLoader
2019-08-08 09:32:10 INFO Could not detect default resource locations for test class [com.ssafy.api.PostCommentRestControllerTests]: no resource found for suffixes {-context.xml, Context.groovy}.
2019-08-08 09:32:10 INFO Could not detect default configuration classes for test class [com.ssafy.api.PostCommentRestControllerTests]: PostCommentRestControllerTests does not declare any static, non-private, non-final, nested classes annotated with @Configuration.
2019-08-08 09:32:10 INFO Found @SpringBootConfiguration com.ssafy.WebmobileSub2Application for test class com.ssafy.api.PostCommentRestControllerTests
2019-08-08 09:32:10 INFO Loaded default TestExecutionListener class names from location [META-INF/spring.factories]: [org.springframework.boot.test.mock.mockito.MockitoTestExecutionListener, org.springframework.boot.test.mock.mockito.ResetMocksTestExecutionListener, org.springframework.boot.test.autoconfigure.restdocs.RestDocsTestExecutionListener, org.springframework.boot.test.autoconfigure.web.client.MockRestServiceServerResetTestExecutionListener, org.springframework.boot.test.autoconfigure.web.servlet.MockMvcPrintOnlyOnFailureTestExecutionListener, org.springframework.boot.test.autoconfigure.web.servlet.WebDriverTestExecutionListener, org.springframework.test.context.web.ServletTestExecutionListener, org.springframework.test.context.support.DirtiesContextBeforeModesTestExecutionListener, org.springframework.test.context.support.DependencyInjectionTestExecutionListener, org.springframework.test.context.support.DirtiesContextTestExecutionListener, org.springframework.test.context.transaction.TransactionalTestExecutionListener, org.springframework.test.context.jdbc.SqlScriptsTestExecutionListener]
2019-08-08 09:32:10 INFO Using TestExecutionListeners: [org.springframework.test.context.web.ServletTestExecutionListener@7c359808, org.springframework.test.context.support.DirtiesContextBeforeModesTestExecutionListener@1f013047, org.springframework.boot.test.mock.mockito.MockitoTestExecutionListener@16361e61, org.springframework.boot.test.autoconfigure.SpringBootDependencyInjectionTestExecutionListener@51566ce0, org.springframework.test.context.support.DirtiesContextTestExecutionListener@1734b1a, org.springframework.test.context.transaction.TransactionalTestExecutionListener@17e6d07b, org.springframework.test.context.jdbc.SqlScriptsTestExecutionListener@318511f0, org.springframework.boot.test.mock.mockito.ResetMocksTestExecutionListener@53564a4c, org.springframework.boot.test.autoconfigure.restdocs.RestDocsTestExecutionListener@4866e0a7, org.springframework.boot.test.autoconfigure.web.client.MockRestServiceServerResetTestExecutionListener@69a294d8, org.springframework.boot.test.autoconfigure.web.servlet.MockMvcPrintOnlyOnFailureTestExecutionListener@70b1028d, org.springframework.boot.test.autoconfigure.web.servlet.WebDriverTestExecutionListener@11d422fd]
2019-08-08 09:32:10 INFO [#] [START] - [ACCOUNT : test@email.com | AUTH : 2] / [LOCATION : com.ssafy.api.PostCommentRestController | [METHOD (POST) : createPostComment()]
2019-08-08 09:32:10 INFO [#] [ END ] - [ACCOUNT : test@email.com | AUTH : 2] / [LOCATION : com.ssafy.api.PostCommentRestController | [METHOD (POST) : createPostComment()]

MockHttpServletRequest:
      HTTP Method = POST
      Request URI = /posts/1/comments
       Parameters = {}
          Headers = [Content-Type:"application/json;charset=UTF-8", accountEmail:"test@email.com", accountAuth:"2"]
             Body = {"postCommentId":0,"accountEmail":"test@email.com","accountName":"test name","postCommentContent":"댓글 내용"}
    Session Attrs = {}

Handler:
             Type = com.ssafy.api.PostCommentRestController
           Method = public org.springframework.http.ResponseEntity<com.ssafy.vo.resource.PostCommentResource> com.ssafy.api.PostCommentRestController.createPostComment(java.lang.String,int,long,com.ssafy.vo.PostComment) throws java.lang.Exception

Async:
    Async started = false
     Async result = null

Resolved Exception:
             Type = null

ModelAndView:
        View name = null
             View = null
            Model = null

FlashMap:
       Attributes = null

MockHttpServletResponse:
           Status = 201
    Error message = null
          Headers = [Location:"http://localhost:8080/posts/1", Content-Type:"application/hal+json;charset=UTF-8"]
     Content type = application/hal+json;charset=UTF-8
             Body = {"postCommentId":1,"accountEmail":"test@email.com","accountName":"test name","postCommentContent":"댓글 내용","postCommentCreatedAt":"2019-08-08T09:32:10.485","links":[{"rel":"self","href":"http://localhost:8080/posts/1"},{"rel":"update","href":"http://localhost:8080/posts/1"},{"rel":"delete","href":"http://localhost:8080/posts/1"}]}
    Forwarded URL = null
   Redirected URL = http://localhost:8080/posts/1
          Cookies = []

MockHttpServletRequest:
      HTTP Method = DELETE
      Request URI = /portfolios/1/comments/1
       Parameters = {}
          Headers = [accountEmail:"test@email.com", accountAuth:"2"]
             Body = null
    Session Attrs = {}

Handler:
             Type = com.ssafy.api.PortfolioCommentRestController
           Method = public org.springframework.http.ResponseEntity<?> com.ssafy.api.PortfolioCommentRestController.deletePortfolioCommentByPortfolioCommentId(java.lang.String,int,long) throws java.lang.Exception

Async:
    Async started = false
     Async result = null

Resolved Exception:
             Type = java.lang.NullPointerException

ModelAndView:
        View name = null
             View = null
            Model = null

FlashMap:
       Attributes = null

MockHttpServletResponse:
           Status = 400
    Error message = null
          Headers = []
     Content type = null
             Body = 
    Forwarded URL = null
   Redirected URL = null
          Cookies = []

MockHttpServletRequest:
      HTTP Method = PUT
      Request URI = /portfolios/2/comments/2
       Parameters = {}
          Headers = [Content-Type:"application/json;charset=UTF-8", accountEmail:"test@email.com", accountAuth:"2"]
             Body = {"portfolioCommentId":2,"accountEmail":"test@email.com","accountName":"test name","portfolioCommentContent":"내용 수정","portfolioCommentCreatedAt":"2019-08-08T09:32:09.827"}
    Session Attrs = {}

Handler:
             Type = com.ssafy.api.PortfolioCommentRestController
           Method = public org.springframework.http.ResponseEntity<com.ssafy.vo.resource.PortfolioCommentResource> com.ssafy.api.PortfolioCommentRestController.updatePortfolioComment(java.lang.String,int,long,com.ssafy.vo.PortfolioComment) throws java.lang.Exception

Async:
    Async started = false
     Async result = null

Resolved Exception:
             Type = null

ModelAndView:
        View name = null
             View = null
            Model = null

FlashMap:
       Attributes = null

MockHttpServletResponse:
           Status = 200
    Error message = null
          Headers = [Content-Type:"application/hal+json;charset=UTF-8"]
     Content type = application/hal+json;charset=UTF-8
             Body = {"portfolioCommentId":2,"accountEmail":"test@email.com","accountName":"test name","portfolioCommentContent":"내용 수정","portfolioCommentCreatedAt":"2019-08-08T09:32:09.827","links":[{"rel":"self","href":"http://localhost:8080/portfolios/2"},{"rel":"delete","href":"http://localhost:8080/portfolios/2"}]}
    Forwarded URL = null
   Redirected URL = null
          Cookies = []

MockHttpServletRequest:
      HTTP Method = POST
      Request URI = /portfolios/3/comments
       Parameters = {}
          Headers = [Content-Type:"application/json;charset=UTF-8", accountEmail:"test@email.com", accountAuth:"2"]
             Body = {"portfolioCommentId":0,"accountEmail":"test@email.com","accountName":"test name","portfolioCommentContent":"댓글 내용"}
    Session Attrs = {}

Handler:
             Type = com.ssafy.api.PortfolioCommentRestController
           Method = public org.springframework.http.ResponseEntity<com.ssafy.vo.resource.PortfolioCommentResource> com.ssafy.api.PortfolioCommentRestController.createPortfolioComment(java.lang.String,int,long,com.ssafy.vo.PortfolioComment) throws java.lang.Exception

Async:
    Async started = false
     Async result = null

Resolved Exception:
             Type = null

ModelAndView:
        View name = null
             View = null
            Model = null

FlashMap:
       Attributes = null

MockHttpServletResponse:
           Status = 201
    Error message = null
          Headers = [Location:"http://localhost:8080/portfolios/3", Content-Type:"application/hal+json;charset=UTF-8"]
     Content type = application/hal+json;charset=UTF-8
             Body = {"portfolioCommentId":3,"accountEmail":"test@email.com","accountName":"test name","portfolioCommentContent":"댓글 내용","portfolioCommentCreatedAt":"2019-08-08T09:32:10.033","links":[{"rel":"self","href":"http://localhost:8080/portfolios/3"},{"rel":"update","href":"http://localhost:8080/portfolios/3"},{"rel":"delete","href":"http://localhost:8080/portfolios/3"}]}
    Forwarded URL = null
   Redirected URL = http://localhost:8080/portfolios/3
          Cookies = []

MockHttpServletRequest:
      HTTP Method = PUT
      Request URI = /portfolios/4
       Parameters = {}
          Headers = [Content-Type:"application/json;charset=UTF-8", accountEmail:"test@email.com", accountAuth:"2"]
             Body = {"portfolioId":4,"accountEmail":"test@email.com","accountName":"test name","portfolioTitle":"update title","portfolioContent":"update content","portfolioCreatedAt":"2019-08-08T09:32:10.068","portfolioGiturl":"www.github.com/repository","portfolioViews":0,"portfolioThumbnailUrl":"/image.png"}
    Session Attrs = {}

Handler:
             Type = com.ssafy.api.PortfolioRestController
           Method = public org.springframework.http.ResponseEntity<com.ssafy.vo.resource.PortfolioResource> com.ssafy.api.PortfolioRestController.updatePortfolio(java.lang.String,int,long,com.ssafy.vo.Portfolio) throws java.lang.Exception

Async:
    Async started = false
     Async result = null

Resolved Exception:
             Type = null

ModelAndView:
        View name = null
             View = null
            Model = null

FlashMap:
       Attributes = null

MockHttpServletResponse:
           Status = 200
    Error message = null
          Headers = [Content-Type:"application/hal+json;charset=UTF-8"]
     Content type = application/hal+json;charset=UTF-8
             Body = {"portfolioId":4,"accountEmail":"test@email.com","accountName":"test name","portfolioTitle":"update title","portfolioContent":"update content","portfolioCreatedAt":"2019-08-08T09:32:10.145","portfolioGiturl":"www.github.com/repository","portfolioViews":0,"portfolioThumbnailUrl":"/image.png","portfolioComments":[],"links":[{"rel":"self","href":"http://localhost:8080/portfolios/4"},{"rel":"delete","href":"http://localhost:8080/portfolios/4"}]}
    Forwarded URL = null
   Redirected URL = null
          Cookies = []

MockHttpServletRequest:
      HTTP Method = GET
      Request URI = /portfolios/pages/1
       Parameters = {}
          Headers = []
             Body = null
    Session Attrs = {}

Handler:
             Type = com.ssafy.api.PortfolioRestController
           Method = public org.springframework.http.ResponseEntity<org.springframework.hateoas.PagedResources<com.ssafy.vo.resource.PortfolioResource>> com.ssafy.api.PortfolioRestController.findAllPortfolios(int,org.springframework.data.web.PagedResourcesAssembler<com.ssafy.vo.Portfolio>)

Async:
    Async started = false
     Async result = null

Resolved Exception:
             Type = null

ModelAndView:
        View name = null
             View = null
            Model = null

FlashMap:
       Attributes = null

MockHttpServletResponse:
           Status = 200
    Error message = null
          Headers = [Content-Type:"application/hal+json;charset=UTF-8"]
     Content type = application/hal+json;charset=UTF-8
             Body = {"links":[{"rel":"self","href":"http://localhost:8080/portfolios/pages/1?page=0&size=6&sort=portfolioCreatedAt,desc"}],"content":[{"portfolioId":5,"accountEmail":"test@email.com","accountName":"test name","portfolioTitle":"포트폴리오 제목","portfolioContent":"포트폴리오 내용","portfolioCreatedAt":"2019-08-08T09:32:10.181","portfolioGiturl":"www.github.com/repository","portfolioViews":0,"portfolioThumbnailUrl":"/image.png","portfolioComments":[],"links":[{"rel":"self","href":"http://localhost:8080/portfolios/5"}]},{"portfolioId":4,"accountEmail":"test@email.com","accountName":"test name","portfolioTitle":"update title","portfolioContent":"update content","portfolioCreatedAt":"2019-08-08T09:32:10.145","portfolioGiturl":"www.github.com/repository","portfolioViews":0,"portfolioThumbnailUrl":"/image.png","portfolioComments":[],"links":[{"rel":"self","href":"http://localhost:8080/portfolios/4"}]},{"portfolioId":3,"accountEmail":"test@email.com","accountName":"test name","portfolioTitle":"포트폴리오 제목","portfolioContent":"포트폴리오 내용","portfolioCreatedAt":"2019-08-08T09:32:10.026","portfolioGiturl":"www.github.com/repository","portfolioViews":0,"portfolioThumbnailUrl":"/image.png","portfolioComments":[{"portfolioCommentId":3,"accountEmail":"test@email.com","accountName":"test name","portfolioCommentContent":"댓글 내용","portfolioCommentCreatedAt":"2019-08-08T09:32:10.033"}],"links":[{"rel":"self","href":"http://localhost:8080/portfolios/3"}]},{"portfolioId":2,"accountEmail":"test@email.com","accountName":"test name","portfolioTitle":"포트폴리오 제목","portfolioContent":"포트폴리오 내용","portfolioCreatedAt":"2019-08-08T09:32:09.826","portfolioGiturl":"www.github.com/repository","portfolioViews":0,"portfolioThumbnailUrl":"/image.png","portfolioComments":[{"portfolioCommentId":2,"accountEmail":"test@email.com","accountName":"test name","portfolioCommentContent":"내용 수정","portfolioCommentCreatedAt":"2019-08-08T09:32:09.827"}],"links":[{"rel":"self","href":"http://localhost:8080/portfolios/2"}]},{"portfolioId":1,"accountEmail":"test@email.com","accountName":"test name","portfolioTitle":"포트폴리오 제목","portfolioContent":"포트폴리오 내용","portfolioCreatedAt":"2019-08-08T09:32:09.706","portfolioGiturl":"www.github.com/repository","portfolioViews":0,"portfolioThumbnailUrl":"/image.png","portfolioComments":[],"links":[{"rel":"self","href":"http://localhost:8080/portfolios/1"}]}],"page":{"size":6,"totalElements":5,"totalPages":1,"number":0}}
    Forwarded URL = null
   Redirected URL = null
          Cookies = []

MockHttpServletRequest:
      HTTP Method = GET
      Request URI = /portfolios/6
       Parameters = {}
          Headers = []
             Body = null
    Session Attrs = {}

Handler:
             Type = com.ssafy.api.PortfolioRestController
           Method = public org.springframework.http.ResponseEntity<com.ssafy.vo.resource.PortfolioResource> com.ssafy.api.PortfolioRestController.findPortfolioByPortfolioId(long) throws java.lang.Exception

Async:
    Async started = false
     Async result = null

Resolved Exception:
             Type = null

ModelAndView:
        View name = null
             View = null
            Model = null

FlashMap:
       Attributes = null

MockHttpServletResponse:
           Status = 200
    Error message = null
          Headers = [Content-Type:"application/hal+json;charset=UTF-8"]
     Content type = application/hal+json;charset=UTF-8
             Body = {"portfolioId":6,"accountEmail":"test@email.com","accountName":"test name","portfolioTitle":"포트폴리오 제목","portfolioContent":"포트폴리오 내용","portfolioCreatedAt":"2019-08-08T09:32:10.346","portfolioGiturl":"www.github.com/repository","portfolioViews":1,"portfolioThumbnailUrl":"/image.png","portfolioComments":[],"links":[{"rel":"self","href":"http://localhost:8080/portfolios/6"}]}
    Forwarded URL = null
   Redirected URL = null
          Cookies = []

MockHttpServletRequest:
      HTTP Method = POST
      Request URI = /portfolios
       Parameters = {}
          Headers = [Content-Type:"application/json;charset=UTF-8", accountEmail:"test@email.com", accountAuth:"2"]
             Body = {"portfolioId":0,"accountEmail":"test@email.com","accountName":"test name","portfolioTitle":"포트폴리오 제목","portfolioContent":"포트폴리오 내용","portfolioGiturl":"www.github.com/repository","portfolioViews":0,"portfolioThumbnailUrl":"/image.png"}
    Session Attrs = {}

Handler:
             Type = com.ssafy.api.PortfolioRestController
           Method = public org.springframework.http.ResponseEntity<com.ssafy.vo.resource.PortfolioResource> com.ssafy.api.PortfolioRestController.createPortfolio(java.lang.String,int,com.ssafy.vo.Portfolio) throws java.lang.Exception

Async:
    Async started = false
     Async result = null

Resolved Exception:
             Type = null

ModelAndView:
        View name = null
             View = null
            Model = null

FlashMap:
       Attributes = null

MockHttpServletResponse:
           Status = 201
    Error message = null
          Headers = [Location:"http://localhost:8080/portfolios/7", Content-Type:"application/hal+json;charset=UTF-8"]
     Content type = application/hal+json;charset=UTF-8
             Body = {"portfolioId":7,"accountEmail":"test@email.com","accountName":"test name","portfolioTitle":"포트폴리오 제목","portfolioContent":"포트폴리오 내용","portfolioCreatedAt":"2019-08-08T09:32:10.374","portfolioGiturl":"www.github.com/repository","portfolioViews":0,"portfolioThumbnailUrl":"/image.png","portfolioComments":[],"links":[{"rel":"self","href":"http://localhost:8080/portfolios/7"},{"rel":"update","href":"http://localhost:8080/portfolios/7"},{"rel":"delete","href":"http://localhost:8080/portfolios/7"}]}
    Forwarded URL = null
   Redirected URL = http://localhost:8080/portfolios/7
          Cookies = []

MockHttpServletRequest:
      HTTP Method = GET
      Request URI = /portfolios/count
       Parameters = {}
          Headers = []
             Body = null
    Session Attrs = {}

Handler:
             Type = com.ssafy.api.PortfolioRestController
           Method = public org.springframework.http.ResponseEntity<java.util.HashMap<java.lang.String, java.lang.Long>> com.ssafy.api.PortfolioRestController.countPortfolios()

Async:
    Async started = false
     Async result = null

Resolved Exception:
             Type = null

ModelAndView:
        View name = null
             View = null
            Model = null

FlashMap:
       Attributes = null

MockHttpServletResponse:
           Status = 200
    Error message = null
          Headers = [Content-Type:"application/json;charset=UTF-8"]
     Content type = application/json;charset=UTF-8
             Body = {"countPortfolios":8}
    Forwarded URL = null
   Redirected URL = null
          Cookies = []

MockHttpServletRequest:
      HTTP Method = DELETE
      Request URI = /portfolios/9
       Parameters = {}
          Headers = [accountEmail:"test@email.com", accountAuth:"1"]
             Body = null
    Session Attrs = {}

Handler:
             Type = com.ssafy.api.PortfolioRestController
           Method = public org.springframework.http.ResponseEntity<?> com.ssafy.api.PortfolioRestController.deletePortfolioByPortfolioId(java.lang.String,int,long) throws java.lang.Exception

Async:
    Async started = false
     Async result = null

Resolved Exception:
             Type = null

ModelAndView:
        View name = null
             View = null
            Model = null

FlashMap:
       Attributes = null

MockHttpServletResponse:
           Status = 204
    Error message = null
          Headers = []
     Content type = null
             Body = 
    Forwarded URL = null
   Redirected URL = null
          Cookies = []

MockHttpServletRequest:
      HTTP Method = POST
      Request URI = /posts/1/comments
       Parameters = {}
          Headers = [Content-Type:"application/json;charset=UTF-8", accountEmail:"test@email.com", accountAuth:"2"]
             Body = {"postCommentId":0,"accountEmail":"test@email.com","accountName":"test name","postCommentContent":"댓글 내용"}
    Session Attrs = {}

Handler:
             Type = com.ssafy.api.PostCommentRestController
           Method = public org.springframework.http.ResponseEntity<com.ssafy.vo.resource.PostCommentResource> com.ssafy.api.PostCommentRestController.createPostComment(java.lang.String,int,long,com.ssafy.vo.PostComment) throws java.lang.Exception

Async:
    Async started = false
     Async result = null

Resolved Exception:
             Type = null

ModelAndView:
        View name = null
             View = null
            Model = null

FlashMap:
       Attributes = null

MockHttpServletResponse:
           Status = 201
    Error message = null
          Headers = [Location:"http://localhost:8080/posts/1", Content-Type:"application/hal+json;charset=UTF-8"]
     Content type = application/hal+json;charset=UTF-8
             Body = {"postCommentId":1,"accountEmail":"test@email.com","accountName":"test name","postCommentContent":"댓글 내용","postCommentCreatedAt":"2019-08-08T09:32:10.485","links":[{"rel":"self","href":"http://localhost:8080/posts/1"},{"rel":"update","href":"http://localhost:8080/posts/1"},{"rel":"delete","href":"http://localhost:8080/posts/1"}]}
    Forwarded URL = null
   Redirected URL = http://localhost:8080/posts/1
          Cookies = []
]]></system-out>
  </testcase>
  <testcase name="updatePostComment" classname="com.ssafy.api.PostCommentRestControllerTests" time="0.03">
    <error message="Fields with the following paths were not found in the payload: [postId]" type="org.springframework.restdocs.snippet.SnippetException">org.springframework.restdocs.snippet.SnippetException: Fields with the following paths were not found in the payload: [postId]
	at com.ssafy.api.PostCommentRestControllerTests.updatePostComment(PostCommentRestControllerTests.java:94)
</error>
    <system-out><![CDATA[2019-08-08 09:32:10 INFO [#] [START] - [ACCOUNT : test@email.com | AUTH : 2] / [LOCATION : com.ssafy.api.PostCommentRestController | [METHOD (PUT) : updatePostComment()]
2019-08-08 09:32:10 INFO [#] [ END ] - [ACCOUNT : test@email.com | AUTH : 2] / [LOCATION : com.ssafy.api.PostCommentRestController | [METHOD (PUT) : updatePostComment()]

MockHttpServletRequest:
      HTTP Method = PUT
      Request URI = /posts/2/comments/2
       Parameters = {}
          Headers = [Content-Type:"application/json;charset=UTF-8", accountEmail:"test@email.com", accountAuth:"2"]
             Body = {"postCommentId":2,"accountEmail":"test@email.com","accountName":"test name","postCommentContent":"내용 수정","postCommentCreatedAt":"2019-08-08T09:32:10.508"}
    Session Attrs = {}

Handler:
             Type = com.ssafy.api.PostCommentRestController
           Method = public org.springframework.http.ResponseEntity<com.ssafy.vo.resource.PostCommentResource> com.ssafy.api.PostCommentRestController.updatePostComment(java.lang.String,int,long,com.ssafy.vo.PostComment) throws java.lang.Exception

Async:
    Async started = false
     Async result = null

Resolved Exception:
             Type = null

ModelAndView:
        View name = null
             View = null
            Model = null

FlashMap:
       Attributes = null

MockHttpServletResponse:
           Status = 200
    Error message = null
          Headers = [Content-Type:"application/hal+json;charset=UTF-8"]
     Content type = application/hal+json;charset=UTF-8
             Body = {"postCommentId":2,"accountEmail":"test@email.com","accountName":"test name","postCommentContent":"내용 수정","postCommentCreatedAt":"2019-08-08T09:32:10.508","links":[{"rel":"self","href":"http://localhost:8080/posts/2"},{"rel":"delete","href":"http://localhost:8080/posts/2"}]}
    Forwarded URL = null
   Redirected URL = null
          Cookies = []

MockHttpServletRequest:
      HTTP Method = DELETE
      Request URI = /portfolios/1/comments/1
       Parameters = {}
          Headers = [accountEmail:"test@email.com", accountAuth:"2"]
             Body = null
    Session Attrs = {}

Handler:
             Type = com.ssafy.api.PortfolioCommentRestController
           Method = public org.springframework.http.ResponseEntity<?> com.ssafy.api.PortfolioCommentRestController.deletePortfolioCommentByPortfolioCommentId(java.lang.String,int,long) throws java.lang.Exception

Async:
    Async started = false
     Async result = null

Resolved Exception:
             Type = java.lang.NullPointerException

ModelAndView:
        View name = null
             View = null
            Model = null

FlashMap:
       Attributes = null

MockHttpServletResponse:
           Status = 400
    Error message = null
          Headers = []
     Content type = null
             Body = 
    Forwarded URL = null
   Redirected URL = null
          Cookies = []

MockHttpServletRequest:
      HTTP Method = PUT
      Request URI = /portfolios/2/comments/2
       Parameters = {}
          Headers = [Content-Type:"application/json;charset=UTF-8", accountEmail:"test@email.com", accountAuth:"2"]
             Body = {"portfolioCommentId":2,"accountEmail":"test@email.com","accountName":"test name","portfolioCommentContent":"내용 수정","portfolioCommentCreatedAt":"2019-08-08T09:32:09.827"}
    Session Attrs = {}

Handler:
             Type = com.ssafy.api.PortfolioCommentRestController
           Method = public org.springframework.http.ResponseEntity<com.ssafy.vo.resource.PortfolioCommentResource> com.ssafy.api.PortfolioCommentRestController.updatePortfolioComment(java.lang.String,int,long,com.ssafy.vo.PortfolioComment) throws java.lang.Exception

Async:
    Async started = false
     Async result = null

Resolved Exception:
             Type = null

ModelAndView:
        View name = null
             View = null
            Model = null

FlashMap:
       Attributes = null

MockHttpServletResponse:
           Status = 200
    Error message = null
          Headers = [Content-Type:"application/hal+json;charset=UTF-8"]
     Content type = application/hal+json;charset=UTF-8
             Body = {"portfolioCommentId":2,"accountEmail":"test@email.com","accountName":"test name","portfolioCommentContent":"내용 수정","portfolioCommentCreatedAt":"2019-08-08T09:32:09.827","links":[{"rel":"self","href":"http://localhost:8080/portfolios/2"},{"rel":"delete","href":"http://localhost:8080/portfolios/2"}]}
    Forwarded URL = null
   Redirected URL = null
          Cookies = []

MockHttpServletRequest:
      HTTP Method = POST
      Request URI = /portfolios/3/comments
       Parameters = {}
          Headers = [Content-Type:"application/json;charset=UTF-8", accountEmail:"test@email.com", accountAuth:"2"]
             Body = {"portfolioCommentId":0,"accountEmail":"test@email.com","accountName":"test name","portfolioCommentContent":"댓글 내용"}
    Session Attrs = {}

Handler:
             Type = com.ssafy.api.PortfolioCommentRestController
           Method = public org.springframework.http.ResponseEntity<com.ssafy.vo.resource.PortfolioCommentResource> com.ssafy.api.PortfolioCommentRestController.createPortfolioComment(java.lang.String,int,long,com.ssafy.vo.PortfolioComment) throws java.lang.Exception

Async:
    Async started = false
     Async result = null

Resolved Exception:
             Type = null

ModelAndView:
        View name = null
             View = null
            Model = null

FlashMap:
       Attributes = null

MockHttpServletResponse:
           Status = 201
    Error message = null
          Headers = [Location:"http://localhost:8080/portfolios/3", Content-Type:"application/hal+json;charset=UTF-8"]
     Content type = application/hal+json;charset=UTF-8
             Body = {"portfolioCommentId":3,"accountEmail":"test@email.com","accountName":"test name","portfolioCommentContent":"댓글 내용","portfolioCommentCreatedAt":"2019-08-08T09:32:10.033","links":[{"rel":"self","href":"http://localhost:8080/portfolios/3"},{"rel":"update","href":"http://localhost:8080/portfolios/3"},{"rel":"delete","href":"http://localhost:8080/portfolios/3"}]}
    Forwarded URL = null
   Redirected URL = http://localhost:8080/portfolios/3
          Cookies = []

MockHttpServletRequest:
      HTTP Method = PUT
      Request URI = /portfolios/4
       Parameters = {}
          Headers = [Content-Type:"application/json;charset=UTF-8", accountEmail:"test@email.com", accountAuth:"2"]
             Body = {"portfolioId":4,"accountEmail":"test@email.com","accountName":"test name","portfolioTitle":"update title","portfolioContent":"update content","portfolioCreatedAt":"2019-08-08T09:32:10.068","portfolioGiturl":"www.github.com/repository","portfolioViews":0,"portfolioThumbnailUrl":"/image.png"}
    Session Attrs = {}

Handler:
             Type = com.ssafy.api.PortfolioRestController
           Method = public org.springframework.http.ResponseEntity<com.ssafy.vo.resource.PortfolioResource> com.ssafy.api.PortfolioRestController.updatePortfolio(java.lang.String,int,long,com.ssafy.vo.Portfolio) throws java.lang.Exception

Async:
    Async started = false
     Async result = null

Resolved Exception:
             Type = null

ModelAndView:
        View name = null
             View = null
            Model = null

FlashMap:
       Attributes = null

MockHttpServletResponse:
           Status = 200
    Error message = null
          Headers = [Content-Type:"application/hal+json;charset=UTF-8"]
     Content type = application/hal+json;charset=UTF-8
             Body = {"portfolioId":4,"accountEmail":"test@email.com","accountName":"test name","portfolioTitle":"update title","portfolioContent":"update content","portfolioCreatedAt":"2019-08-08T09:32:10.145","portfolioGiturl":"www.github.com/repository","portfolioViews":0,"portfolioThumbnailUrl":"/image.png","portfolioComments":[],"links":[{"rel":"self","href":"http://localhost:8080/portfolios/4"},{"rel":"delete","href":"http://localhost:8080/portfolios/4"}]}
    Forwarded URL = null
   Redirected URL = null
          Cookies = []

MockHttpServletRequest:
      HTTP Method = GET
      Request URI = /portfolios/pages/1
       Parameters = {}
          Headers = []
             Body = null
    Session Attrs = {}

Handler:
             Type = com.ssafy.api.PortfolioRestController
           Method = public org.springframework.http.ResponseEntity<org.springframework.hateoas.PagedResources<com.ssafy.vo.resource.PortfolioResource>> com.ssafy.api.PortfolioRestController.findAllPortfolios(int,org.springframework.data.web.PagedResourcesAssembler<com.ssafy.vo.Portfolio>)

Async:
    Async started = false
     Async result = null

Resolved Exception:
             Type = null

ModelAndView:
        View name = null
             View = null
            Model = null

FlashMap:
       Attributes = null

MockHttpServletResponse:
           Status = 200
    Error message = null
          Headers = [Content-Type:"application/hal+json;charset=UTF-8"]
     Content type = application/hal+json;charset=UTF-8
             Body = {"links":[{"rel":"self","href":"http://localhost:8080/portfolios/pages/1?page=0&size=6&sort=portfolioCreatedAt,desc"}],"content":[{"portfolioId":5,"accountEmail":"test@email.com","accountName":"test name","portfolioTitle":"포트폴리오 제목","portfolioContent":"포트폴리오 내용","portfolioCreatedAt":"2019-08-08T09:32:10.181","portfolioGiturl":"www.github.com/repository","portfolioViews":0,"portfolioThumbnailUrl":"/image.png","portfolioComments":[],"links":[{"rel":"self","href":"http://localhost:8080/portfolios/5"}]},{"portfolioId":4,"accountEmail":"test@email.com","accountName":"test name","portfolioTitle":"update title","portfolioContent":"update content","portfolioCreatedAt":"2019-08-08T09:32:10.145","portfolioGiturl":"www.github.com/repository","portfolioViews":0,"portfolioThumbnailUrl":"/image.png","portfolioComments":[],"links":[{"rel":"self","href":"http://localhost:8080/portfolios/4"}]},{"portfolioId":3,"accountEmail":"test@email.com","accountName":"test name","portfolioTitle":"포트폴리오 제목","portfolioContent":"포트폴리오 내용","portfolioCreatedAt":"2019-08-08T09:32:10.026","portfolioGiturl":"www.github.com/repository","portfolioViews":0,"portfolioThumbnailUrl":"/image.png","portfolioComments":[{"portfolioCommentId":3,"accountEmail":"test@email.com","accountName":"test name","portfolioCommentContent":"댓글 내용","portfolioCommentCreatedAt":"2019-08-08T09:32:10.033"}],"links":[{"rel":"self","href":"http://localhost:8080/portfolios/3"}]},{"portfolioId":2,"accountEmail":"test@email.com","accountName":"test name","portfolioTitle":"포트폴리오 제목","portfolioContent":"포트폴리오 내용","portfolioCreatedAt":"2019-08-08T09:32:09.826","portfolioGiturl":"www.github.com/repository","portfolioViews":0,"portfolioThumbnailUrl":"/image.png","portfolioComments":[{"portfolioCommentId":2,"accountEmail":"test@email.com","accountName":"test name","portfolioCommentContent":"내용 수정","portfolioCommentCreatedAt":"2019-08-08T09:32:09.827"}],"links":[{"rel":"self","href":"http://localhost:8080/portfolios/2"}]},{"portfolioId":1,"accountEmail":"test@email.com","accountName":"test name","portfolioTitle":"포트폴리오 제목","portfolioContent":"포트폴리오 내용","portfolioCreatedAt":"2019-08-08T09:32:09.706","portfolioGiturl":"www.github.com/repository","portfolioViews":0,"portfolioThumbnailUrl":"/image.png","portfolioComments":[],"links":[{"rel":"self","href":"http://localhost:8080/portfolios/1"}]}],"page":{"size":6,"totalElements":5,"totalPages":1,"number":0}}
    Forwarded URL = null
   Redirected URL = null
          Cookies = []

MockHttpServletRequest:
      HTTP Method = GET
      Request URI = /portfolios/6
       Parameters = {}
          Headers = []
             Body = null
    Session Attrs = {}

Handler:
             Type = com.ssafy.api.PortfolioRestController
           Method = public org.springframework.http.ResponseEntity<com.ssafy.vo.resource.PortfolioResource> com.ssafy.api.PortfolioRestController.findPortfolioByPortfolioId(long) throws java.lang.Exception

Async:
    Async started = false
     Async result = null

Resolved Exception:
             Type = null

ModelAndView:
        View name = null
             View = null
            Model = null

FlashMap:
       Attributes = null

MockHttpServletResponse:
           Status = 200
    Error message = null
          Headers = [Content-Type:"application/hal+json;charset=UTF-8"]
     Content type = application/hal+json;charset=UTF-8
             Body = {"portfolioId":6,"accountEmail":"test@email.com","accountName":"test name","portfolioTitle":"포트폴리오 제목","portfolioContent":"포트폴리오 내용","portfolioCreatedAt":"2019-08-08T09:32:10.346","portfolioGiturl":"www.github.com/repository","portfolioViews":1,"portfolioThumbnailUrl":"/image.png","portfolioComments":[],"links":[{"rel":"self","href":"http://localhost:8080/portfolios/6"}]}
    Forwarded URL = null
   Redirected URL = null
          Cookies = []

MockHttpServletRequest:
      HTTP Method = POST
      Request URI = /portfolios
       Parameters = {}
          Headers = [Content-Type:"application/json;charset=UTF-8", accountEmail:"test@email.com", accountAuth:"2"]
             Body = {"portfolioId":0,"accountEmail":"test@email.com","accountName":"test name","portfolioTitle":"포트폴리오 제목","portfolioContent":"포트폴리오 내용","portfolioGiturl":"www.github.com/repository","portfolioViews":0,"portfolioThumbnailUrl":"/image.png"}
    Session Attrs = {}

Handler:
             Type = com.ssafy.api.PortfolioRestController
           Method = public org.springframework.http.ResponseEntity<com.ssafy.vo.resource.PortfolioResource> com.ssafy.api.PortfolioRestController.createPortfolio(java.lang.String,int,com.ssafy.vo.Portfolio) throws java.lang.Exception

Async:
    Async started = false
     Async result = null

Resolved Exception:
             Type = null

ModelAndView:
        View name = null
             View = null
            Model = null

FlashMap:
       Attributes = null

MockHttpServletResponse:
           Status = 201
    Error message = null
          Headers = [Location:"http://localhost:8080/portfolios/7", Content-Type:"application/hal+json;charset=UTF-8"]
     Content type = application/hal+json;charset=UTF-8
             Body = {"portfolioId":7,"accountEmail":"test@email.com","accountName":"test name","portfolioTitle":"포트폴리오 제목","portfolioContent":"포트폴리오 내용","portfolioCreatedAt":"2019-08-08T09:32:10.374","portfolioGiturl":"www.github.com/repository","portfolioViews":0,"portfolioThumbnailUrl":"/image.png","portfolioComments":[],"links":[{"rel":"self","href":"http://localhost:8080/portfolios/7"},{"rel":"update","href":"http://localhost:8080/portfolios/7"},{"rel":"delete","href":"http://localhost:8080/portfolios/7"}]}
    Forwarded URL = null
   Redirected URL = http://localhost:8080/portfolios/7
          Cookies = []

MockHttpServletRequest:
      HTTP Method = GET
      Request URI = /portfolios/count
       Parameters = {}
          Headers = []
             Body = null
    Session Attrs = {}

Handler:
             Type = com.ssafy.api.PortfolioRestController
           Method = public org.springframework.http.ResponseEntity<java.util.HashMap<java.lang.String, java.lang.Long>> com.ssafy.api.PortfolioRestController.countPortfolios()

Async:
    Async started = false
     Async result = null

Resolved Exception:
             Type = null

ModelAndView:
        View name = null
             View = null
            Model = null

FlashMap:
       Attributes = null

MockHttpServletResponse:
           Status = 200
    Error message = null
          Headers = [Content-Type:"application/json;charset=UTF-8"]
     Content type = application/json;charset=UTF-8
             Body = {"countPortfolios":8}
    Forwarded URL = null
   Redirected URL = null
          Cookies = []

MockHttpServletRequest:
      HTTP Method = DELETE
      Request URI = /portfolios/9
       Parameters = {}
          Headers = [accountEmail:"test@email.com", accountAuth:"1"]
             Body = null
    Session Attrs = {}

Handler:
             Type = com.ssafy.api.PortfolioRestController
           Method = public org.springframework.http.ResponseEntity<?> com.ssafy.api.PortfolioRestController.deletePortfolioByPortfolioId(java.lang.String,int,long) throws java.lang.Exception

Async:
    Async started = false
     Async result = null

Resolved Exception:
             Type = null

ModelAndView:
        View name = null
             View = null
            Model = null

FlashMap:
       Attributes = null

MockHttpServletResponse:
           Status = 204
    Error message = null
          Headers = []
     Content type = null
             Body = 
    Forwarded URL = null
   Redirected URL = null
          Cookies = []

MockHttpServletRequest:
      HTTP Method = POST
      Request URI = /posts/1/comments
       Parameters = {}
          Headers = [Content-Type:"application/json;charset=UTF-8", accountEmail:"test@email.com", accountAuth:"2"]
             Body = {"postCommentId":0,"accountEmail":"test@email.com","accountName":"test name","postCommentContent":"댓글 내용"}
    Session Attrs = {}

Handler:
             Type = com.ssafy.api.PostCommentRestController
           Method = public org.springframework.http.ResponseEntity<com.ssafy.vo.resource.PostCommentResource> com.ssafy.api.PostCommentRestController.createPostComment(java.lang.String,int,long,com.ssafy.vo.PostComment) throws java.lang.Exception

Async:
    Async started = false
     Async result = null

Resolved Exception:
             Type = null

ModelAndView:
        View name = null
             View = null
            Model = null

FlashMap:
       Attributes = null

MockHttpServletResponse:
           Status = 201
    Error message = null
          Headers = [Location:"http://localhost:8080/posts/1", Content-Type:"application/hal+json;charset=UTF-8"]
     Content type = application/hal+json;charset=UTF-8
             Body = {"postCommentId":1,"accountEmail":"test@email.com","accountName":"test name","postCommentContent":"댓글 내용","postCommentCreatedAt":"2019-08-08T09:32:10.485","links":[{"rel":"self","href":"http://localhost:8080/posts/1"},{"rel":"update","href":"http://localhost:8080/posts/1"},{"rel":"delete","href":"http://localhost:8080/posts/1"}]}
    Forwarded URL = null
   Redirected URL = http://localhost:8080/posts/1
          Cookies = []

MockHttpServletRequest:
      HTTP Method = PUT
      Request URI = /posts/2/comments/2
       Parameters = {}
          Headers = [Content-Type:"application/json;charset=UTF-8", accountEmail:"test@email.com", accountAuth:"2"]
             Body = {"postCommentId":2,"accountEmail":"test@email.com","accountName":"test name","postCommentContent":"내용 수정","postCommentCreatedAt":"2019-08-08T09:32:10.508"}
    Session Attrs = {}

Handler:
             Type = com.ssafy.api.PostCommentRestController
           Method = public org.springframework.http.ResponseEntity<com.ssafy.vo.resource.PostCommentResource> com.ssafy.api.PostCommentRestController.updatePostComment(java.lang.String,int,long,com.ssafy.vo.PostComment) throws java.lang.Exception

Async:
    Async started = false
     Async result = null

Resolved Exception:
             Type = null

ModelAndView:
        View name = null
             View = null
            Model = null

FlashMap:
       Attributes = null

MockHttpServletResponse:
           Status = 200
    Error message = null
          Headers = [Content-Type:"application/hal+json;charset=UTF-8"]
     Content type = application/hal+json;charset=UTF-8
             Body = {"postCommentId":2,"accountEmail":"test@email.com","accountName":"test name","postCommentContent":"내용 수정","postCommentCreatedAt":"2019-08-08T09:32:10.508","links":[{"rel":"self","href":"http://localhost:8080/posts/2"},{"rel":"delete","href":"http://localhost:8080/posts/2"}]}
    Forwarded URL = null
   Redirected URL = null
          Cookies = []
]]></system-out>
  </testcase>
  <testcase name="deletePostComment" classname="com.ssafy.api.PostCommentRestControllerTests" time="0.013">
    <failure message="Status expected:&lt;204&gt; but was:&lt;400&gt;" type="java.lang.AssertionError"><![CDATA[java.lang.AssertionError: Status expected:<204> but was:<400>
	at com.ssafy.api.PostCommentRestControllerTests.deletePostComment(PostCommentRestControllerTests.java:137)
]]></failure>
    <system-out><![CDATA[2019-08-08 09:32:10 INFO [#] [START] - [ACCOUNT : test@email.com | AUTH : 2] / [LOCATION : com.ssafy.api.PostCommentRestController | [METHOD (DELETE) : deletePostCommentByPostCommentId()]

MockHttpServletRequest:
      HTTP Method = DELETE
      Request URI = /posts/3/comments/3
       Parameters = {}
          Headers = [accountEmail:"test@email.com", accountAuth:"2"]
             Body = null
    Session Attrs = {}

Handler:
             Type = com.ssafy.api.PostCommentRestController
           Method = public org.springframework.http.ResponseEntity<?> com.ssafy.api.PostCommentRestController.deletePostCommentByPostCommentId(java.lang.String,int,long) throws java.lang.Exception

Async:
    Async started = false
     Async result = null

Resolved Exception:
             Type = java.lang.NullPointerException

ModelAndView:
        View name = null
             View = null
            Model = null

FlashMap:
       Attributes = null

MockHttpServletResponse:
           Status = 400
    Error message = null
          Headers = []
     Content type = null
             Body = 
    Forwarded URL = null
   Redirected URL = null
          Cookies = []

MockHttpServletRequest:
      HTTP Method = DELETE
      Request URI = /portfolios/1/comments/1
       Parameters = {}
          Headers = [accountEmail:"test@email.com", accountAuth:"2"]
             Body = null
    Session Attrs = {}

Handler:
             Type = com.ssafy.api.PortfolioCommentRestController
           Method = public org.springframework.http.ResponseEntity<?> com.ssafy.api.PortfolioCommentRestController.deletePortfolioCommentByPortfolioCommentId(java.lang.String,int,long) throws java.lang.Exception

Async:
    Async started = false
     Async result = null

Resolved Exception:
             Type = java.lang.NullPointerException

ModelAndView:
        View name = null
             View = null
            Model = null

FlashMap:
       Attributes = null

MockHttpServletResponse:
           Status = 400
    Error message = null
          Headers = []
     Content type = null
             Body = 
    Forwarded URL = null
   Redirected URL = null
          Cookies = []

MockHttpServletRequest:
      HTTP Method = PUT
      Request URI = /portfolios/2/comments/2
       Parameters = {}
          Headers = [Content-Type:"application/json;charset=UTF-8", accountEmail:"test@email.com", accountAuth:"2"]
             Body = {"portfolioCommentId":2,"accountEmail":"test@email.com","accountName":"test name","portfolioCommentContent":"내용 수정","portfolioCommentCreatedAt":"2019-08-08T09:32:09.827"}
    Session Attrs = {}

Handler:
             Type = com.ssafy.api.PortfolioCommentRestController
           Method = public org.springframework.http.ResponseEntity<com.ssafy.vo.resource.PortfolioCommentResource> com.ssafy.api.PortfolioCommentRestController.updatePortfolioComment(java.lang.String,int,long,com.ssafy.vo.PortfolioComment) throws java.lang.Exception

Async:
    Async started = false
     Async result = null

Resolved Exception:
             Type = null

ModelAndView:
        View name = null
             View = null
            Model = null

FlashMap:
       Attributes = null

MockHttpServletResponse:
           Status = 200
    Error message = null
          Headers = [Content-Type:"application/hal+json;charset=UTF-8"]
     Content type = application/hal+json;charset=UTF-8
             Body = {"portfolioCommentId":2,"accountEmail":"test@email.com","accountName":"test name","portfolioCommentContent":"내용 수정","portfolioCommentCreatedAt":"2019-08-08T09:32:09.827","links":[{"rel":"self","href":"http://localhost:8080/portfolios/2"},{"rel":"delete","href":"http://localhost:8080/portfolios/2"}]}
    Forwarded URL = null
   Redirected URL = null
          Cookies = []

MockHttpServletRequest:
      HTTP Method = POST
      Request URI = /portfolios/3/comments
       Parameters = {}
          Headers = [Content-Type:"application/json;charset=UTF-8", accountEmail:"test@email.com", accountAuth:"2"]
             Body = {"portfolioCommentId":0,"accountEmail":"test@email.com","accountName":"test name","portfolioCommentContent":"댓글 내용"}
    Session Attrs = {}

Handler:
             Type = com.ssafy.api.PortfolioCommentRestController
           Method = public org.springframework.http.ResponseEntity<com.ssafy.vo.resource.PortfolioCommentResource> com.ssafy.api.PortfolioCommentRestController.createPortfolioComment(java.lang.String,int,long,com.ssafy.vo.PortfolioComment) throws java.lang.Exception

Async:
    Async started = false
     Async result = null

Resolved Exception:
             Type = null

ModelAndView:
        View name = null
             View = null
            Model = null

FlashMap:
       Attributes = null

MockHttpServletResponse:
           Status = 201
    Error message = null
          Headers = [Location:"http://localhost:8080/portfolios/3", Content-Type:"application/hal+json;charset=UTF-8"]
     Content type = application/hal+json;charset=UTF-8
             Body = {"portfolioCommentId":3,"accountEmail":"test@email.com","accountName":"test name","portfolioCommentContent":"댓글 내용","portfolioCommentCreatedAt":"2019-08-08T09:32:10.033","links":[{"rel":"self","href":"http://localhost:8080/portfolios/3"},{"rel":"update","href":"http://localhost:8080/portfolios/3"},{"rel":"delete","href":"http://localhost:8080/portfolios/3"}]}
    Forwarded URL = null
   Redirected URL = http://localhost:8080/portfolios/3
          Cookies = []

MockHttpServletRequest:
      HTTP Method = PUT
      Request URI = /portfolios/4
       Parameters = {}
          Headers = [Content-Type:"application/json;charset=UTF-8", accountEmail:"test@email.com", accountAuth:"2"]
             Body = {"portfolioId":4,"accountEmail":"test@email.com","accountName":"test name","portfolioTitle":"update title","portfolioContent":"update content","portfolioCreatedAt":"2019-08-08T09:32:10.068","portfolioGiturl":"www.github.com/repository","portfolioViews":0,"portfolioThumbnailUrl":"/image.png"}
    Session Attrs = {}

Handler:
             Type = com.ssafy.api.PortfolioRestController
           Method = public org.springframework.http.ResponseEntity<com.ssafy.vo.resource.PortfolioResource> com.ssafy.api.PortfolioRestController.updatePortfolio(java.lang.String,int,long,com.ssafy.vo.Portfolio) throws java.lang.Exception

Async:
    Async started = false
     Async result = null

Resolved Exception:
             Type = null

ModelAndView:
        View name = null
             View = null
            Model = null

FlashMap:
       Attributes = null

MockHttpServletResponse:
           Status = 200
    Error message = null
          Headers = [Content-Type:"application/hal+json;charset=UTF-8"]
     Content type = application/hal+json;charset=UTF-8
             Body = {"portfolioId":4,"accountEmail":"test@email.com","accountName":"test name","portfolioTitle":"update title","portfolioContent":"update content","portfolioCreatedAt":"2019-08-08T09:32:10.145","portfolioGiturl":"www.github.com/repository","portfolioViews":0,"portfolioThumbnailUrl":"/image.png","portfolioComments":[],"links":[{"rel":"self","href":"http://localhost:8080/portfolios/4"},{"rel":"delete","href":"http://localhost:8080/portfolios/4"}]}
    Forwarded URL = null
   Redirected URL = null
          Cookies = []

MockHttpServletRequest:
      HTTP Method = GET
      Request URI = /portfolios/pages/1
       Parameters = {}
          Headers = []
             Body = null
    Session Attrs = {}

Handler:
             Type = com.ssafy.api.PortfolioRestController
           Method = public org.springframework.http.ResponseEntity<org.springframework.hateoas.PagedResources<com.ssafy.vo.resource.PortfolioResource>> com.ssafy.api.PortfolioRestController.findAllPortfolios(int,org.springframework.data.web.PagedResourcesAssembler<com.ssafy.vo.Portfolio>)

Async:
    Async started = false
     Async result = null

Resolved Exception:
             Type = null

ModelAndView:
        View name = null
             View = null
            Model = null

FlashMap:
       Attributes = null

MockHttpServletResponse:
           Status = 200
    Error message = null
          Headers = [Content-Type:"application/hal+json;charset=UTF-8"]
     Content type = application/hal+json;charset=UTF-8
             Body = {"links":[{"rel":"self","href":"http://localhost:8080/portfolios/pages/1?page=0&size=6&sort=portfolioCreatedAt,desc"}],"content":[{"portfolioId":5,"accountEmail":"test@email.com","accountName":"test name","portfolioTitle":"포트폴리오 제목","portfolioContent":"포트폴리오 내용","portfolioCreatedAt":"2019-08-08T09:32:10.181","portfolioGiturl":"www.github.com/repository","portfolioViews":0,"portfolioThumbnailUrl":"/image.png","portfolioComments":[],"links":[{"rel":"self","href":"http://localhost:8080/portfolios/5"}]},{"portfolioId":4,"accountEmail":"test@email.com","accountName":"test name","portfolioTitle":"update title","portfolioContent":"update content","portfolioCreatedAt":"2019-08-08T09:32:10.145","portfolioGiturl":"www.github.com/repository","portfolioViews":0,"portfolioThumbnailUrl":"/image.png","portfolioComments":[],"links":[{"rel":"self","href":"http://localhost:8080/portfolios/4"}]},{"portfolioId":3,"accountEmail":"test@email.com","accountName":"test name","portfolioTitle":"포트폴리오 제목","portfolioContent":"포트폴리오 내용","portfolioCreatedAt":"2019-08-08T09:32:10.026","portfolioGiturl":"www.github.com/repository","portfolioViews":0,"portfolioThumbnailUrl":"/image.png","portfolioComments":[{"portfolioCommentId":3,"accountEmail":"test@email.com","accountName":"test name","portfolioCommentContent":"댓글 내용","portfolioCommentCreatedAt":"2019-08-08T09:32:10.033"}],"links":[{"rel":"self","href":"http://localhost:8080/portfolios/3"}]},{"portfolioId":2,"accountEmail":"test@email.com","accountName":"test name","portfolioTitle":"포트폴리오 제목","portfolioContent":"포트폴리오 내용","portfolioCreatedAt":"2019-08-08T09:32:09.826","portfolioGiturl":"www.github.com/repository","portfolioViews":0,"portfolioThumbnailUrl":"/image.png","portfolioComments":[{"portfolioCommentId":2,"accountEmail":"test@email.com","accountName":"test name","portfolioCommentContent":"내용 수정","portfolioCommentCreatedAt":"2019-08-08T09:32:09.827"}],"links":[{"rel":"self","href":"http://localhost:8080/portfolios/2"}]},{"portfolioId":1,"accountEmail":"test@email.com","accountName":"test name","portfolioTitle":"포트폴리오 제목","portfolioContent":"포트폴리오 내용","portfolioCreatedAt":"2019-08-08T09:32:09.706","portfolioGiturl":"www.github.com/repository","portfolioViews":0,"portfolioThumbnailUrl":"/image.png","portfolioComments":[],"links":[{"rel":"self","href":"http://localhost:8080/portfolios/1"}]}],"page":{"size":6,"totalElements":5,"totalPages":1,"number":0}}
    Forwarded URL = null
   Redirected URL = null
          Cookies = []

MockHttpServletRequest:
      HTTP Method = GET
      Request URI = /portfolios/6
       Parameters = {}
          Headers = []
             Body = null
    Session Attrs = {}

Handler:
             Type = com.ssafy.api.PortfolioRestController
           Method = public org.springframework.http.ResponseEntity<com.ssafy.vo.resource.PortfolioResource> com.ssafy.api.PortfolioRestController.findPortfolioByPortfolioId(long) throws java.lang.Exception

Async:
    Async started = false
     Async result = null

Resolved Exception:
             Type = null

ModelAndView:
        View name = null
             View = null
            Model = null

FlashMap:
       Attributes = null

MockHttpServletResponse:
           Status = 200
    Error message = null
          Headers = [Content-Type:"application/hal+json;charset=UTF-8"]
     Content type = application/hal+json;charset=UTF-8
             Body = {"portfolioId":6,"accountEmail":"test@email.com","accountName":"test name","portfolioTitle":"포트폴리오 제목","portfolioContent":"포트폴리오 내용","portfolioCreatedAt":"2019-08-08T09:32:10.346","portfolioGiturl":"www.github.com/repository","portfolioViews":1,"portfolioThumbnailUrl":"/image.png","portfolioComments":[],"links":[{"rel":"self","href":"http://localhost:8080/portfolios/6"}]}
    Forwarded URL = null
   Redirected URL = null
          Cookies = []

MockHttpServletRequest:
      HTTP Method = POST
      Request URI = /portfolios
       Parameters = {}
          Headers = [Content-Type:"application/json;charset=UTF-8", accountEmail:"test@email.com", accountAuth:"2"]
             Body = {"portfolioId":0,"accountEmail":"test@email.com","accountName":"test name","portfolioTitle":"포트폴리오 제목","portfolioContent":"포트폴리오 내용","portfolioGiturl":"www.github.com/repository","portfolioViews":0,"portfolioThumbnailUrl":"/image.png"}
    Session Attrs = {}

Handler:
             Type = com.ssafy.api.PortfolioRestController
           Method = public org.springframework.http.ResponseEntity<com.ssafy.vo.resource.PortfolioResource> com.ssafy.api.PortfolioRestController.createPortfolio(java.lang.String,int,com.ssafy.vo.Portfolio) throws java.lang.Exception

Async:
    Async started = false
     Async result = null

Resolved Exception:
             Type = null

ModelAndView:
        View name = null
             View = null
            Model = null

FlashMap:
       Attributes = null

MockHttpServletResponse:
           Status = 201
    Error message = null
          Headers = [Location:"http://localhost:8080/portfolios/7", Content-Type:"application/hal+json;charset=UTF-8"]
     Content type = application/hal+json;charset=UTF-8
             Body = {"portfolioId":7,"accountEmail":"test@email.com","accountName":"test name","portfolioTitle":"포트폴리오 제목","portfolioContent":"포트폴리오 내용","portfolioCreatedAt":"2019-08-08T09:32:10.374","portfolioGiturl":"www.github.com/repository","portfolioViews":0,"portfolioThumbnailUrl":"/image.png","portfolioComments":[],"links":[{"rel":"self","href":"http://localhost:8080/portfolios/7"},{"rel":"update","href":"http://localhost:8080/portfolios/7"},{"rel":"delete","href":"http://localhost:8080/portfolios/7"}]}
    Forwarded URL = null
   Redirected URL = http://localhost:8080/portfolios/7
          Cookies = []

MockHttpServletRequest:
      HTTP Method = GET
      Request URI = /portfolios/count
       Parameters = {}
          Headers = []
             Body = null
    Session Attrs = {}

Handler:
             Type = com.ssafy.api.PortfolioRestController
           Method = public org.springframework.http.ResponseEntity<java.util.HashMap<java.lang.String, java.lang.Long>> com.ssafy.api.PortfolioRestController.countPortfolios()

Async:
    Async started = false
     Async result = null

Resolved Exception:
             Type = null

ModelAndView:
        View name = null
             View = null
            Model = null

FlashMap:
       Attributes = null

MockHttpServletResponse:
           Status = 200
    Error message = null
          Headers = [Content-Type:"application/json;charset=UTF-8"]
     Content type = application/json;charset=UTF-8
             Body = {"countPortfolios":8}
    Forwarded URL = null
   Redirected URL = null
          Cookies = []

MockHttpServletRequest:
      HTTP Method = DELETE
      Request URI = /portfolios/9
       Parameters = {}
          Headers = [accountEmail:"test@email.com", accountAuth:"1"]
             Body = null
    Session Attrs = {}

Handler:
             Type = com.ssafy.api.PortfolioRestController
           Method = public org.springframework.http.ResponseEntity<?> com.ssafy.api.PortfolioRestController.deletePortfolioByPortfolioId(java.lang.String,int,long) throws java.lang.Exception

Async:
    Async started = false
     Async result = null

Resolved Exception:
             Type = null

ModelAndView:
        View name = null
             View = null
            Model = null

FlashMap:
       Attributes = null

MockHttpServletResponse:
           Status = 204
    Error message = null
          Headers = []
     Content type = null
             Body = 
    Forwarded URL = null
   Redirected URL = null
          Cookies = []

MockHttpServletRequest:
      HTTP Method = POST
      Request URI = /posts/1/comments
       Parameters = {}
          Headers = [Content-Type:"application/json;charset=UTF-8", accountEmail:"test@email.com", accountAuth:"2"]
             Body = {"postCommentId":0,"accountEmail":"test@email.com","accountName":"test name","postCommentContent":"댓글 내용"}
    Session Attrs = {}

Handler:
             Type = com.ssafy.api.PostCommentRestController
           Method = public org.springframework.http.ResponseEntity<com.ssafy.vo.resource.PostCommentResource> com.ssafy.api.PostCommentRestController.createPostComment(java.lang.String,int,long,com.ssafy.vo.PostComment) throws java.lang.Exception

Async:
    Async started = false
     Async result = null

Resolved Exception:
             Type = null

ModelAndView:
        View name = null
             View = null
            Model = null

FlashMap:
       Attributes = null

MockHttpServletResponse:
           Status = 201
    Error message = null
          Headers = [Location:"http://localhost:8080/posts/1", Content-Type:"application/hal+json;charset=UTF-8"]
     Content type = application/hal+json;charset=UTF-8
             Body = {"postCommentId":1,"accountEmail":"test@email.com","accountName":"test name","postCommentContent":"댓글 내용","postCommentCreatedAt":"2019-08-08T09:32:10.485","links":[{"rel":"self","href":"http://localhost:8080/posts/1"},{"rel":"update","href":"http://localhost:8080/posts/1"},{"rel":"delete","href":"http://localhost:8080/posts/1"}]}
    Forwarded URL = null
   Redirected URL = http://localhost:8080/posts/1
          Cookies = []

MockHttpServletRequest:
      HTTP Method = PUT
      Request URI = /posts/2/comments/2
       Parameters = {}
          Headers = [Content-Type:"application/json;charset=UTF-8", accountEmail:"test@email.com", accountAuth:"2"]
             Body = {"postCommentId":2,"accountEmail":"test@email.com","accountName":"test name","postCommentContent":"내용 수정","postCommentCreatedAt":"2019-08-08T09:32:10.508"}
    Session Attrs = {}

Handler:
             Type = com.ssafy.api.PostCommentRestController
           Method = public org.springframework.http.ResponseEntity<com.ssafy.vo.resource.PostCommentResource> com.ssafy.api.PostCommentRestController.updatePostComment(java.lang.String,int,long,com.ssafy.vo.PostComment) throws java.lang.Exception

Async:
    Async started = false
     Async result = null

Resolved Exception:
             Type = null

ModelAndView:
        View name = null
             View = null
            Model = null

FlashMap:
       Attributes = null

MockHttpServletResponse:
           Status = 200
    Error message = null
          Headers = [Content-Type:"application/hal+json;charset=UTF-8"]
     Content type = application/hal+json;charset=UTF-8
             Body = {"postCommentId":2,"accountEmail":"test@email.com","accountName":"test name","postCommentContent":"내용 수정","postCommentCreatedAt":"2019-08-08T09:32:10.508","links":[{"rel":"self","href":"http://localhost:8080/posts/2"},{"rel":"delete","href":"http://localhost:8080/posts/2"}]}
    Forwarded URL = null
   Redirected URL = null
          Cookies = []

MockHttpServletRequest:
      HTTP Method = DELETE
      Request URI = /posts/3/comments/3
       Parameters = {}
          Headers = [accountEmail:"test@email.com", accountAuth:"2"]
             Body = null
    Session Attrs = {}

Handler:
             Type = com.ssafy.api.PostCommentRestController
           Method = public org.springframework.http.ResponseEntity<?> com.ssafy.api.PostCommentRestController.deletePostCommentByPostCommentId(java.lang.String,int,long) throws java.lang.Exception

Async:
    Async started = false
     Async result = null

Resolved Exception:
             Type = java.lang.NullPointerException

ModelAndView:
        View name = null
             View = null
            Model = null

FlashMap:
       Attributes = null

MockHttpServletResponse:
           Status = 400
    Error message = null
          Headers = []
     Content type = null
             Body = 
    Forwarded URL = null
   Redirected URL = null
          Cookies = []
]]></system-out>
  </testcase>
</testsuite>